###############################################################
#  Generated by:      Cadence Innovus 19.17-s077_1
#  OS:                Linux x86_64(Host ID ieng6-ece-20.ucsd.edu)
#  Generated on:      Wed Mar 22 22:34:38 2023
#  Design:            fullchip
#  Command:           verifyGeometry
###############################################################

SHORT: Regular Via of Net core_instance/mac_array_instance/col_idx_5__mac_col_inst/mac_8in_instance/n405 & Blockage of Cell core_instance/mac_array_instance/col_idx_5__mac_col_inst/mac_8in_instance/FE_RC_1038_0  ( M1 )
Bounds : ( 253.210, 260.700 ) ( 253.390, 260.800 )


SHORT: Regular Via of Net core_instance/mac_array_instance/col_idx_5__mac_col_inst/mac_8in_instance/n567 & Blockage of Cell core_instance/mac_array_instance/col_idx_5__mac_col_inst/mac_8in_instance/FE_RC_3461_0  ( M1 )
Bounds : ( 253.410, 263.200 ) ( 253.590, 263.300 )


SHORT: Regular Via of Net core_instance/mac_array_instance/col_idx_5__mac_col_inst/mac_8in_instance/n569 & Blockage of Cell core_instance/mac_array_instance/col_idx_5__mac_col_inst/mac_8in_instance/U496  ( M1 )
Bounds : ( 252.010, 272.150 ) ( 252.190, 272.250 )


SHORT: Regular Via of Net core_instance/mac_array_instance/col_idx_2__mac_col_inst/mac_8in_instance/FE_RN_4 & Blockage of Cell core_instance/mac_array_instance/col_idx_2__mac_col_inst/mac_8in_instance/U330_dup  ( M1 )
Bounds : ( 144.410, 242.700 ) ( 144.590, 242.800 )


SHORT: Regular Via of Net core_instance/mac_array_instance/col_idx_2__mac_col_inst/n173 & Blockage of Cell core_instance/mac_array_instance/col_idx_2__mac_col_inst/U117  ( M1 )
Bounds : ( 144.010, 196.550 ) ( 144.190, 196.650 )


SHORT: Regular Via of Net core_instance/mac_array_instance/col_idx_2__mac_col_inst/mac_8in_instance/n403 & Blockage of Cell core_instance/mac_array_instance/col_idx_2__mac_col_inst/mac_8in_instance/U361  ( M1 )
Bounds : ( 144.410, 267.900 ) ( 144.590, 268.000 )


SHORT: Regular Via of Net core_instance/mac_array_instance/col_idx_3__mac_col_inst/mac_8in_instance/n566 & Blockage of Cell core_instance/mac_array_instance/col_idx_3__mac_col_inst/mac_8in_instance/FE_RC_4631_0  ( M1 )
Bounds : ( 180.410, 221.100 ) ( 180.590, 221.200 )


SHORT: Regular Via of Net core_instance/array_out[54] & Blockage of Cell core_instance/mac_array_instance/col_idx_5__mac_col_inst/U8  ( M1 )
Bounds : ( 245.810, 186.950 ) ( 246.190, 187.050 )


SHORT: Regular Via of Net core_instance/mac_array_instance/col_idx_1__mac_col_inst/n169 & Blockage of Cell core_instance/mac_array_instance/col_idx_1__mac_col_inst/U133  ( M1 )
Bounds : ( 92.450, 161.710 ) ( 92.550, 161.890 )



Begin Summary ...
  Cells       : 0
  SameNet     : 0
  Wiring      : 0
  Antenna     : 0
  Short       : 9
  Overlap     : 0
End Summary

  Total Violations : 9 Viols.
