*----------------------------------------------------------------------------------------
*	Innovus 19.17-s077_1 (64bit) 12/01/2020 11:09 (Linux 2.6.32-431.11.2.el6.x86_64)
*	
*
* 	Date & Time:	2023-Mar-13 01:33:43 (2023-Mar-13 08:33:43 GMT)
*
*----------------------------------------------------------------------------------------
*
*	Design: fullchip
*
*	Liberty Libraries used: 
*	        WC_VIEW: /home/linux/ieng6/ee260bwi23/public/PDKdata/lib/tcbn65gpluswc.lib
*
*	Power Domain used: 
*              Rail:        VDD      Voltage:        0.9 
*
*       Power View : WC_VIEW
*
*       User-Defined Activity : N.A.
*
*       Activity File: N.A.
*
*       Hierarchical Global Activity: N.A.
*
*       Global Activity: N.A.
*
*       Sequential Element Activity: 0.200000
*
*       Primary Input Activity: 0.200000
*
*       Default icg ratio: N.A.
*
*       Global Comb ClockGate Ratio: N.A.
*
*	Power Units = 1mW
*
*	Time Units = 1e-09 secs 
*
*       report_power -outfile fullchip.post_route.power.rpt
*
-----------------------------------------------------------------------------------------


Total Power 
-----------------------------------------------------------------------------------------
Total Internal Power:       95.20479940 	   73.1142%
Total Switching Power:      34.03616892 	   26.1387%
Total Leakage Power:         0.97295186 	    0.7472%
Total Power:               130.21392083 
-----------------------------------------------------------------------------------------


Group                           Internal   Switching     Leakage       Total  Percentage 
                                Power      Power         Power         Power  (%)        
-----------------------------------------------------------------------------------------
Sequential                         68.48       2.312      0.2538       71.05       54.56 
Macro                                  0           0           0           0           0 
IO                                     0           0           0           0           0 
Physical-Only                          0           0      0.2991      0.2991      0.2297 
Combinational                      21.66       20.45      0.4029       42.52       32.65 
Clock (Combinational)              5.062       11.27     0.01722       16.35       12.56 
Clock (Sequential)                     0           0           0           0           0 
-----------------------------------------------------------------------------------------
Total                               95.2       34.04       0.973       130.2         100 
-----------------------------------------------------------------------------------------


Rail                  Voltage   Internal   Switching     Leakage       Total  Percentage 
                                Power      Power         Power         Power  (%)        
-----------------------------------------------------------------------------------------
VDD                       0.9       95.2       34.04       0.973       130.2         100 


Clock                           Internal   Switching     Leakage       Total  Percentage 
                                Power      Power         Power         Power  (%)        
-----------------------------------------------------------------------------------------
clk                                5.062       11.27     0.01722       16.35       12.56 
-----------------------------------------------------------------------------------------
Total (excluding duplicates)       5.062       11.27     0.01722       16.35       12.56 
-----------------------------------------------------------------------------------------
Clock: clk
Clock Period: 0.000500 usec 
Clock Toggle Rate:  4000.0000 Mhz 
Clock Static Probability:  0.5000



-----------------------------------------------------------------------------------------
*	Power Distribution Summary: 
*                Highest Average Power: core_instance/FE_USKC1988_CTS_14 (BUFFD16):           0.3343 
*                Highest Leakage Power: core_instance/mac_array_instance/col_idx_1__mac_col_inst/mac_8in_instance/U20 (FA1D4):        0.0002705 
*          Total Cap:      9.61473e-11 F
*          Total instances in design: 28159
*          Total instances in design with no power:     0
*          Total instances in design with no activity:     0
*          Total Fillers and Decap: 11904
-----------------------------------------------------------------------------------------

