###############################################################
#  Generated by:      Cadence Innovus 19.17-s077_1
#  OS:                Linux x86_64(Host ID ieng6-ece-07.ucsd.edu)
#  Generated on:      Wed Mar 22 06:00:51 2023
#  Design:            dualcore
#  Command:           verifyGeometry
###############################################################

SHORT: Regular Via of Net normalizer_inst/n10653 & Blockage of Cell normalizer_inst/U12938  ( M1 )
Bounds : ( 287.980, 340.420 ) ( 288.220, 340.520 )


SHORT: Regular Via of Net normalizer_inst/n2247 & Blockage of Cell normalizer_inst/U5704  ( M1 )
Bounds : ( 288.610, 356.280 ) ( 288.790, 356.380 )


SHORT: Regular Via of Net core2_inst/qmem_instance/n344 & Blockage of Cell core2_inst/qmem_instance/U402  ( M1 )
Bounds : ( 111.050, 396.280 ) ( 111.150, 396.520 )


SHORT: Regular Via of Net normalizer_inst/FE_RN_382 & Blockage of Cell normalizer_inst/U2963_dup  ( M1 )
Bounds : ( 253.010, 370.550 ) ( 253.190, 370.650 )


SHORT: Regular Via of Net normalizer_inst/n15066 & Blockage of Cell normalizer_inst/U12525  ( M1 )
Bounds : ( 488.410, 295.600 ) ( 488.590, 295.700 )


SHORT: Regular Via of Net normalizer_inst/n14942 & Blockage of Cell normalizer_inst/U4695  ( M1 )
Bounds : ( 505.010, 299.200 ) ( 505.190, 299.300 )


SHORT: Regular Via of Net normalizer_inst/n14601 & Blockage of Cell normalizer_inst/U4971  ( M1 )
Bounds : ( 504.010, 371.200 ) ( 504.190, 371.300 )


SHORT: Regular Via of Net normalizer_inst/n13859 & Blockage of Cell normalizer_inst/U11864  ( M1 )
Bounds : ( 531.850, 432.310 ) ( 531.950, 432.490 )


SHORT: Regular Via of Net normalizer_inst/n13683 & Blockage of Cell normalizer_inst/U158  ( M1 )
Bounds : ( 505.650, 464.110 ) ( 505.750, 464.290 )


SHORT: Regular Via of Net normalizer_inst/n11807 & Blockage of Cell normalizer_inst/U12446  ( M1 )
Bounds : ( 435.650, 396.310 ) ( 435.750, 396.490 )


SHORT: Regular Via of Net normalizer_inst/n11141 & Blockage of Cell normalizer_inst/U3223  ( M1 )
Bounds : ( 468.610, 320.280 ) ( 468.790, 320.380 )


SHORT: Regular Via of Net normalizer_inst/n10562 & Blockage of Cell normalizer_inst/FE_RC_4990_0  ( M1 )
Bounds : ( 396.010, 476.625 ) ( 396.190, 476.725 )


SHORT: Regular Via of Net normalizer_inst/n10338 & Blockage of Cell normalizer_inst/U1152  ( M1 )
Bounds : ( 456.250, 432.110 ) ( 456.350, 432.290 )


SHORT: Regular Via of Net normalizer_inst/n10311 & Blockage of Cell normalizer_inst/U6646  ( M1 )
Bounds : ( 447.450, 432.110 ) ( 447.550, 432.290 )


SHORT: Regular Via of Net normalizer_inst/n10084 & Blockage of Cell normalizer_inst/U9828  ( M1 )
Bounds : ( 380.810, 435.350 ) ( 380.990, 435.450 )


SHORT: Regular Via of Net normalizer_inst/n9929 & Blockage of Cell normalizer_inst/U11833  ( M1 )
Bounds : ( 342.610, 370.550 ) ( 342.790, 370.650 )


SHORT: Regular Via of Net normalizer_inst/n8943 & Blockage of Cell normalizer_inst/FE_RC_4172_0  ( M1 )
Bounds : ( 468.810, 472.000 ) ( 468.990, 472.100 )


SHORT: Regular Via of Net normalizer_inst/n8134 & Blockage of Cell normalizer_inst/U1887  ( M1 )
Bounds : ( 378.850, 324.280 ) ( 378.950, 324.520 )


SHORT: Regular Via of Net normalizer_inst/n6422 & Blockage of Cell normalizer_inst/U5102  ( M1 )
Bounds : ( 432.010, 468.400 ) ( 432.190, 468.500 )


SHORT: Regular Via of Net normalizer_inst/n4595 & Blockage of Cell normalizer_inst/U4583  ( M1 )
Bounds : ( 324.450, 320.470 ) ( 324.550, 320.890 )


SHORT: Regular Via of Net normalizer_inst/n4507 & Blockage of Cell normalizer_inst/U1983  ( M1 )
Bounds : ( 312.450, 396.310 ) ( 312.550, 396.490 )


SHORT: Regular Via of Net core1_inst/mac_array_instance/col_idx_5__mac_col_inst/DP_OP_29J5_124_7742_n52 & Blockage of Cell core1_inst/mac_array_instance/col_idx_5__mac_col_inst/FE_RC_9149_0  ( M1 )
Bounds : ( 164.610, 205.600 ) ( 164.790, 205.700 )


SHORT: Regular Via of Net core1_inst/mac_array_instance/col_idx_5__mac_col_inst/DP_OP_29J5_124_7742_n57 & Blockage of Cell core1_inst/mac_array_instance/col_idx_5__mac_col_inst/FE_RC_9406_0  ( M1 )
Bounds : ( 181.050, 231.910 ) ( 181.150, 232.090 )


SHORT: Regular Via of Net core1_inst/mac_array_instance/col_idx_4__mac_col_inst/mac_8in_instance/n199 & Blockage of Cell core1_inst/mac_array_instance/col_idx_4__mac_col_inst/mac_8in_instance/U74  ( M1 )
Bounds : ( 144.010, 254.020 ) ( 144.190, 254.120 )


SHORT: Regular Via of Net normalizer_inst/n15047 & Blockage of Cell normalizer_inst/U2577  ( M1 )
Bounds : ( 495.850, 288.110 ) ( 495.950, 288.290 )


SHORT: Regular Via of Net normalizer_inst/n3774 & Blockage of Cell normalizer_inst/U11143  ( M1 )
Bounds : ( 527.650, 288.110 ) ( 527.750, 288.290 )


SHORT: Regular Via of Net core2_inst/mac_array_instance/col_idx_6__mac_col_inst/mac_8in_instance/n258 & Blockage of Cell core2_inst/mac_array_instance/col_idx_6__mac_col_inst/mac_8in_instance/U452  ( M1 )
Bounds : ( 467.850, 180.310 ) ( 467.950, 180.490 )


SHORT: Regular Via of Net core2_inst/mac_array_instance/col_idx_5__mac_col_inst/mac_8in_instance/n83 & Blockage of Cell core2_inst/mac_array_instance/col_idx_5__mac_col_inst/mac_8in_instance/U391  ( M1 )
Bounds : ( 413.450, 252.310 ) ( 413.550, 252.490 )


SHORT: Regular Via of Net core1_inst/mac_array_instance/col_idx_8__mac_col_inst/mac_8in_instance/n79 & Blockage of Cell core1_inst/mac_array_instance/col_idx_8__mac_col_inst/mac_8in_instance/U87  ( M1 )
Bounds : ( 324.850, 180.310 ) ( 324.950, 180.490 )


SHORT: Regular Via of Net normalizer_inst/FE_RN_324 & Blockage of Cell normalizer_inst/U4863_dup  ( M1 )
Bounds : ( 415.610, 285.900 ) ( 415.790, 286.000 )


SHORT: Regular Via of Net core2_inst/mac_array_instance/col_idx_3__mac_col_inst/mac_8in_instance/n98 & Blockage of Cell core2_inst/mac_array_instance/col_idx_3__mac_col_inst/mac_8in_instance/U49  ( M1 )
Bounds : ( 288.010, 280.650 ) ( 288.190, 280.750 )



Begin Summary ...
  Cells       : 0
  SameNet     : 0
  Wiring      : 0
  Antenna     : 0
  Short       : 31
  Overlap     : 0
End Summary

  Total Violations : 31 Viols.
