###############################################################
#  Generated by:      Cadence Innovus 19.17-s077_1
#  OS:                Linux x86_64(Host ID ieng6-ece-07.ucsd.edu)
#  Generated on:      Wed Mar 22 23:45:32 2023
#  Design:            dualcore
#  Command:           checkPinAssignment
###############################################################

Start Checking pins of top cell: [dualcore] 
Summary report for top level: [dualcore] 
	Total Pins                         : 303
	Legally Assigned Pins              : 303
End of Summary report
End Checking pins of top cell: [dualcore] 


===========================================================================================================================
                                                checkPinAssignment Summary
===========================================================================================================================
Partition   | pads  | pins   | legal  | illegal | internal | internal illegal | FT     | FT illegal | constant | unplaced |
===========================================================================================================================
dualcore    |     0 |    303 |    303 |       0 |        0 |                0 |      0 |          0 |        0 |        0 |
===========================================================================================================================
TOTAL       |     0 |    303 |    303 |       0 |        0 |                0 |      0 |          0 |        0 |        0 |
===========================================================================================================================
