*----------------------------------------------------------------------------------------
*	Innovus 19.17-s077_1 (64bit) 12/01/2020 11:09 (Linux 2.6.32-431.11.2.el6.x86_64)
*	
*
* 	Date & Time:	2023-Mar-22 06:01:11 (2023-Mar-22 13:01:11 GMT)
*
*----------------------------------------------------------------------------------------
*
*	Design: dualcore
*
*	Liberty Libraries used: 
*	        WC_VIEW: /home/linux/ieng6/ee260bwi23/public/PDKdata/lib/tcbn65gpluswc.lib
*
*	Power Domain used: 
*              Rail:        VDD      Voltage:        0.9 
*
*       Power View : WC_VIEW
*
*       User-Defined Activity : N.A.
*
*       Activity File: N.A.
*
*       Hierarchical Global Activity: N.A.
*
*       Global Activity: N.A.
*
*       Sequential Element Activity: 0.200000
*
*       Primary Input Activity: 0.200000
*
*       Default icg ratio: N.A.
*
*       Global Comb ClockGate Ratio: N.A.
*
*	Power Units = 1mW
*
*	Time Units = 1e-09 secs 
*
*       report_power -outfile dualcore.post_route.power.rpt
*
-----------------------------------------------------------------------------------------


Total Power 
-----------------------------------------------------------------------------------------
Total Internal Power:      108.24095869 	   65.0868%
Total Switching Power:      55.75451171 	   33.5260%
Total Leakage Power:         2.30692431 	    1.3872%
Total Power:               166.30239465 
-----------------------------------------------------------------------------------------


Group                           Internal   Switching     Leakage       Total  Percentage 
                                Power      Power         Power         Power  (%)        
-----------------------------------------------------------------------------------------
Sequential                         68.72       1.927      0.5144       71.16       42.79 
Macro                                  0           0           0           0           0 
IO                                     0           0     7.6e-07     7.6e-07    4.57e-07 
Physical-Only                          0           0      0.6301      0.6301      0.3789 
Combinational                      35.11       42.25       1.133       78.49        47.2 
Clock (Combinational)              4.415       11.58     0.02924       16.02       9.634 
Clock (Sequential)                     0           0           0           0           0 
-----------------------------------------------------------------------------------------
Total                              108.2       55.75       2.307       166.3         100 
-----------------------------------------------------------------------------------------


Rail                  Voltage   Internal   Switching     Leakage       Total  Percentage 
                                Power      Power         Power         Power  (%)        
-----------------------------------------------------------------------------------------
VDD                       0.9      108.2       55.75       2.307       166.3         100 


Clock                           Internal   Switching     Leakage       Total  Percentage 
                                Power      Power         Power         Power  (%)        
-----------------------------------------------------------------------------------------
clk2                               1.905       5.496     0.01264       7.413       4.457 
clk1                                2.51       6.083      0.0166       8.609       5.177 
-----------------------------------------------------------------------------------------
Total (excluding duplicates)       4.415       11.58     0.02924       16.02       9.634 
-----------------------------------------------------------------------------------------
Clock: clk2
Clock Period: 0.001000 usec 
Clock Toggle Rate:  2000.0000 Mhz 
Clock Static Probability:  0.5000

Clock: clk1
Clock Period: 0.001000 usec 
Clock Toggle Rate:  2000.0000 Mhz 
Clock Static Probability:  0.5000



-----------------------------------------------------------------------------------------
*	Power Distribution Summary: 
*                Highest Average Power:       CTS_ccl_a_buf_00113 (CKBD16):           0.1777 
*                Highest Leakage Power:     normalizer_inst/U3585 (ND3D8):        0.0003029 
*          Total Cap:      2.90478e-10 F
*          Total instances in design: 83722
*          Total instances in design with no power:     0
*          Total instances in design with no activity:     0
*          Total Fillers and Decap: 37020
-----------------------------------------------------------------------------------------

