###############################################################
#  Generated by:      Cadence Innovus 19.17-s077_1
#  OS:                Linux x86_64(Host ID ieng6-ece-03.ucsd.edu)
#  Generated on:      Wed Mar 22 04:28:11 2023
#  Design:            dualcore
#  Command:           checkPinAssignment
###############################################################

Start Checking pins of top cell: [dualcore] 
**ERROR: (IMPPTN-1755):   Pin [out_core1[87]] of partition [dualcore] connected to net [out_core1[87]] is [PLACED] at location (  17.700,    0.000) on layer 3 has MIN-PIN-SPACING VIOLATION with pin out_core1[86].
**ERROR: (IMPPTN-1755):   Pin [out_core1[87]] of partition [dualcore] connected to net [out_core1[87]] is [PLACED] at location (  17.700,    0.000) on layer 3 is NOT ON ALLOWED PIN LAYER.
**ERROR: (IMPPTN-1755):   Pin [out_core1[86]] of partition [dualcore] connected to net [out_core1[86]] is [PLACED] at location (  17.500,    0.000) on layer 3 has MIN-PIN-SPACING VIOLATION with pin out_core1[87].
**ERROR: (IMPPTN-1755):   Pin [out_core1[86]] of partition [dualcore] connected to net [out_core1[86]] is [PLACED] at location (  17.500,    0.000) on layer 3 is NOT ON ALLOWED PIN LAYER.
**ERROR: (IMPPTN-1755):   Pin [out_core1[85]] of partition [dualcore] connected to net [out_core1[85]] is [PLACED] at location (  17.300,    0.000) on layer 3 has MIN-PIN-SPACING VIOLATION with pin out_core1[86].
**ERROR: (IMPPTN-1755):   Pin [out_core1[85]] of partition [dualcore] connected to net [out_core1[85]] is [PLACED] at location (  17.300,    0.000) on layer 3 is NOT ON ALLOWED PIN LAYER.
**ERROR: (IMPPTN-1755):   Pin [out_core1[84]] of partition [dualcore] connected to net [out_core1[84]] is [PLACED] at location (  17.100,    0.000) on layer 3 has MIN-PIN-SPACING VIOLATION with pin out_core1[85].
**ERROR: (IMPPTN-1755):   Pin [out_core1[84]] of partition [dualcore] connected to net [out_core1[84]] is [PLACED] at location (  17.100,    0.000) on layer 3 is NOT ON ALLOWED PIN LAYER.
**ERROR: (IMPPTN-1755):   Pin [out_core1[83]] of partition [dualcore] connected to net [out_core1[83]] is [PLACED] at location (  16.900,    0.000) on layer 3 has MIN-PIN-SPACING VIOLATION with pin out_core1[84].
**ERROR: (IMPPTN-1755):   Pin [out_core1[83]] of partition [dualcore] connected to net [out_core1[83]] is [PLACED] at location (  16.900,    0.000) on layer 3 is NOT ON ALLOWED PIN LAYER.
**ERROR: (IMPPTN-1755):   Pin [out_core1[82]] of partition [dualcore] connected to net [out_core1[82]] is [PLACED] at location (  16.700,    0.000) on layer 3 has MIN-PIN-SPACING VIOLATION with pin out_core1[83].
**ERROR: (IMPPTN-1755):   Pin [out_core1[82]] of partition [dualcore] connected to net [out_core1[82]] is [PLACED] at location (  16.700,    0.000) on layer 3 is NOT ON ALLOWED PIN LAYER.
**ERROR: (IMPPTN-1755):   Pin [out_core1[81]] of partition [dualcore] connected to net [out_core1[81]] is [PLACED] at location (  16.500,    0.000) on layer 3 has MIN-PIN-SPACING VIOLATION with pin out_core1[82].
**ERROR: (IMPPTN-1755):   Pin [out_core1[81]] of partition [dualcore] connected to net [out_core1[81]] is [PLACED] at location (  16.500,    0.000) on layer 3 is NOT ON ALLOWED PIN LAYER.
**ERROR: (IMPPTN-1755):   Pin [out_core1[80]] of partition [dualcore] connected to net [out_core1[80]] is [PLACED] at location (  16.300,    0.000) on layer 3 has MIN-PIN-SPACING VIOLATION with pin out_core1[81].
**ERROR: (IMPPTN-1755):   Pin [out_core1[80]] of partition [dualcore] connected to net [out_core1[80]] is [PLACED] at location (  16.300,    0.000) on layer 3 is NOT ON ALLOWED PIN LAYER.
**ERROR: (IMPPTN-1755):   Pin [out_core1[79]] of partition [dualcore] connected to net [out_core1[79]] is [PLACED] at location (  16.100,    0.000) on layer 3 has MIN-PIN-SPACING VIOLATION with pin out_core1[80].
**ERROR: (IMPPTN-1755):   Pin [out_core1[79]] of partition [dualcore] connected to net [out_core1[79]] is [PLACED] at location (  16.100,    0.000) on layer 3 is NOT ON ALLOWED PIN LAYER.
**ERROR: (IMPPTN-1755):   Pin [out_core1[78]] of partition [dualcore] connected to net [out_core1[78]] is [PLACED] at location (  15.900,    0.000) on layer 3 has MIN-PIN-SPACING VIOLATION with pin out_core1[79].
**ERROR: (IMPPTN-1755):   Pin [out_core1[78]] of partition [dualcore] connected to net [out_core1[78]] is [PLACED] at location (  15.900,    0.000) on layer 3 is NOT ON ALLOWED PIN LAYER.
**ERROR: (IMPPTN-1755):   Pin [out_core1[77]] of partition [dualcore] connected to net [out_core1[77]] is [PLACED] at location (  15.700,    0.000) on layer 3 has MIN-PIN-SPACING VIOLATION with pin out_core1[78].
**ERROR: (IMPPTN-1755):   Pin [out_core1[77]] of partition [dualcore] connected to net [out_core1[77]] is [PLACED] at location (  15.700,    0.000) on layer 3 is NOT ON ALLOWED PIN LAYER.
**ERROR: (IMPPTN-1755):   Pin [out_core1[76]] of partition [dualcore] connected to net [out_core1[76]] is [PLACED] at location (  15.500,    0.000) on layer 3 has MIN-PIN-SPACING VIOLATION with pin out_core1[77].
**ERROR: (IMPPTN-1755):   Pin [out_core1[76]] of partition [dualcore] connected to net [out_core1[76]] is [PLACED] at location (  15.500,    0.000) on layer 3 is NOT ON ALLOWED PIN LAYER.
**ERROR: (IMPPTN-1755):   Pin [out_core1[75]] of partition [dualcore] connected to net [out_core1[75]] is [PLACED] at location (  15.300,    0.000) on layer 3 has MIN-PIN-SPACING VIOLATION with pin out_core1[76].
**ERROR: (IMPPTN-1755):   Pin [out_core1[75]] of partition [dualcore] connected to net [out_core1[75]] is [PLACED] at location (  15.300,    0.000) on layer 3 is NOT ON ALLOWED PIN LAYER.
**ERROR: (IMPPTN-1755):   Pin [out_core1[74]] of partition [dualcore] connected to net [out_core1[74]] is [PLACED] at location (  15.100,    0.000) on layer 3 has MIN-PIN-SPACING VIOLATION with pin out_core1[75].
**ERROR: (IMPPTN-1755):   Pin [out_core1[74]] of partition [dualcore] connected to net [out_core1[74]] is [PLACED] at location (  15.100,    0.000) on layer 3 is NOT ON ALLOWED PIN LAYER.
**ERROR: (IMPPTN-1755):   Pin [out_core1[73]] of partition [dualcore] connected to net [out_core1[73]] is [PLACED] at location (  14.900,    0.000) on layer 3 has MIN-PIN-SPACING VIOLATION with pin out_core1[74].
**ERROR: (IMPPTN-1755):   Pin [out_core1[73]] of partition [dualcore] connected to net [out_core1[73]] is [PLACED] at location (  14.900,    0.000) on layer 3 is NOT ON ALLOWED PIN LAYER.
**ERROR: (IMPPTN-1755):   Pin [out_core1[72]] of partition [dualcore] connected to net [out_core1[72]] is [PLACED] at location (  14.700,    0.000) on layer 3 has MIN-PIN-SPACING VIOLATION with pin out_core1[73].
**ERROR: (IMPPTN-1755):   Pin [out_core1[72]] of partition [dualcore] connected to net [out_core1[72]] is [PLACED] at location (  14.700,    0.000) on layer 3 is NOT ON ALLOWED PIN LAYER.
**ERROR: (IMPPTN-1755):   Pin [out_core1[71]] of partition [dualcore] connected to net [out_core1[71]] is [PLACED] at location (  14.500,    0.000) on layer 3 has MIN-PIN-SPACING VIOLATION with pin out_core1[72].
**ERROR: (IMPPTN-1755):   Pin [out_core1[71]] of partition [dualcore] connected to net [out_core1[71]] is [PLACED] at location (  14.500,    0.000) on layer 3 is NOT ON ALLOWED PIN LAYER.
**ERROR: (IMPPTN-1755):   Pin [out_core1[70]] of partition [dualcore] connected to net [out_core1[70]] is [PLACED] at location (  14.300,    0.000) on layer 3 has MIN-PIN-SPACING VIOLATION with pin out_core1[71].
**ERROR: (IMPPTN-1755):   Pin [out_core1[70]] of partition [dualcore] connected to net [out_core1[70]] is [PLACED] at location (  14.300,    0.000) on layer 3 is NOT ON ALLOWED PIN LAYER.
**ERROR: (IMPPTN-1755):   Pin [out_core1[69]] of partition [dualcore] connected to net [out_core1[69]] is [PLACED] at location (  14.100,    0.000) on layer 3 has MIN-PIN-SPACING VIOLATION with pin out_core1[70].
**ERROR: (IMPPTN-1755):   Pin [out_core1[69]] of partition [dualcore] connected to net [out_core1[69]] is [PLACED] at location (  14.100,    0.000) on layer 3 is NOT ON ALLOWED PIN LAYER.
**ERROR: (IMPPTN-1755):   Pin [out_core1[68]] of partition [dualcore] connected to net [out_core1[68]] is [PLACED] at location (  13.900,    0.000) on layer 3 has MIN-PIN-SPACING VIOLATION with pin out_core1[69].
**ERROR: (IMPPTN-1755):   Pin [out_core1[68]] of partition [dualcore] connected to net [out_core1[68]] is [PLACED] at location (  13.900,    0.000) on layer 3 is NOT ON ALLOWED PIN LAYER.
**ERROR: (IMPPTN-1755):   Pin [out_core1[67]] of partition [dualcore] connected to net [out_core1[67]] is [PLACED] at location (  13.700,    0.000) on layer 3 has MIN-PIN-SPACING VIOLATION with pin out_core1[68].
**ERROR: (IMPPTN-1755):   Pin [out_core1[67]] of partition [dualcore] connected to net [out_core1[67]] is [PLACED] at location (  13.700,    0.000) on layer 3 is NOT ON ALLOWED PIN LAYER.
**ERROR: (IMPPTN-1755):   Pin [out_core1[66]] of partition [dualcore] connected to net [out_core1[66]] is [PLACED] at location (  13.500,    0.000) on layer 3 has MIN-PIN-SPACING VIOLATION with pin out_core1[67].
**ERROR: (IMPPTN-1755):   Pin [out_core1[66]] of partition [dualcore] connected to net [out_core1[66]] is [PLACED] at location (  13.500,    0.000) on layer 3 is NOT ON ALLOWED PIN LAYER.
**ERROR: (IMPPTN-1755):   Pin [out_core1[65]] of partition [dualcore] connected to net [out_core1[65]] is [PLACED] at location (  13.300,    0.000) on layer 3 has MIN-PIN-SPACING VIOLATION with pin out_core1[66].
**ERROR: (IMPPTN-1755):   Pin [out_core1[65]] of partition [dualcore] connected to net [out_core1[65]] is [PLACED] at location (  13.300,    0.000) on layer 3 is NOT ON ALLOWED PIN LAYER.
**ERROR: (IMPPTN-1755):   Pin [out_core1[64]] of partition [dualcore] connected to net [out_core1[64]] is [PLACED] at location (  13.100,    0.000) on layer 3 has MIN-PIN-SPACING VIOLATION with pin out_core1[65].
**ERROR: (IMPPTN-1755):   Pin [out_core1[64]] of partition [dualcore] connected to net [out_core1[64]] is [PLACED] at location (  13.100,    0.000) on layer 3 is NOT ON ALLOWED PIN LAYER.
**ERROR: (IMPPTN-1755):   Pin [out_core1[63]] of partition [dualcore] connected to net [out_core1[63]] is [PLACED] at location (  12.900,    0.000) on layer 3 has MIN-PIN-SPACING VIOLATION with pin out_core1[64].
**ERROR: (IMPPTN-1755):   Pin [out_core1[63]] of partition [dualcore] connected to net [out_core1[63]] is [PLACED] at location (  12.900,    0.000) on layer 3 is NOT ON ALLOWED PIN LAYER.
**ERROR: (IMPPTN-1755):   Pin [out_core1[62]] of partition [dualcore] connected to net [out_core1[62]] is [PLACED] at location (  12.700,    0.000) on layer 3 has MIN-PIN-SPACING VIOLATION with pin out_core1[63].
**ERROR: (IMPPTN-1755):   Pin [out_core1[62]] of partition [dualcore] connected to net [out_core1[62]] is [PLACED] at location (  12.700,    0.000) on layer 3 is NOT ON ALLOWED PIN LAYER.
**ERROR: (IMPPTN-1755):   Pin [out_core1[61]] of partition [dualcore] connected to net [out_core1[61]] is [PLACED] at location (  12.500,    0.000) on layer 3 has MIN-PIN-SPACING VIOLATION with pin out_core1[62].
**ERROR: (IMPPTN-1755):   Pin [out_core1[61]] of partition [dualcore] connected to net [out_core1[61]] is [PLACED] at location (  12.500,    0.000) on layer 3 is NOT ON ALLOWED PIN LAYER.
**ERROR: (IMPPTN-1755):   Pin [out_core1[60]] of partition [dualcore] connected to net [out_core1[60]] is [PLACED] at location (  12.300,    0.000) on layer 3 has MIN-PIN-SPACING VIOLATION with pin out_core1[61].
**ERROR: (IMPPTN-1755):   Pin [out_core1[60]] of partition [dualcore] connected to net [out_core1[60]] is [PLACED] at location (  12.300,    0.000) on layer 3 is NOT ON ALLOWED PIN LAYER.
**ERROR: (IMPPTN-1755):   Pin [out_core1[59]] of partition [dualcore] connected to net [out_core1[59]] is [PLACED] at location (  12.100,    0.000) on layer 3 has MIN-PIN-SPACING VIOLATION with pin out_core1[60].
**ERROR: (IMPPTN-1755):   Pin [out_core1[59]] of partition [dualcore] connected to net [out_core1[59]] is [PLACED] at location (  12.100,    0.000) on layer 3 is NOT ON ALLOWED PIN LAYER.
**ERROR: (IMPPTN-1755):   Pin [out_core1[58]] of partition [dualcore] connected to net [out_core1[58]] is [PLACED] at location (  11.900,    0.000) on layer 3 has MIN-PIN-SPACING VIOLATION with pin out_core1[59].
**ERROR: (IMPPTN-1755):   Pin [out_core1[58]] of partition [dualcore] connected to net [out_core1[58]] is [PLACED] at location (  11.900,    0.000) on layer 3 is NOT ON ALLOWED PIN LAYER.
**ERROR: (IMPPTN-1755):   Pin [out_core1[57]] of partition [dualcore] connected to net [out_core1[57]] is [PLACED] at location (  11.700,    0.000) on layer 3 has MIN-PIN-SPACING VIOLATION with pin out_core1[58].
**ERROR: (IMPPTN-1755):   Pin [out_core1[57]] of partition [dualcore] connected to net [out_core1[57]] is [PLACED] at location (  11.700,    0.000) on layer 3 is NOT ON ALLOWED PIN LAYER.
**ERROR: (IMPPTN-1755):   Pin [out_core1[56]] of partition [dualcore] connected to net [out_core1[56]] is [PLACED] at location (  11.500,    0.000) on layer 3 has MIN-PIN-SPACING VIOLATION with pin out_core1[57].
**ERROR: (IMPPTN-1755):   Pin [out_core1[56]] of partition [dualcore] connected to net [out_core1[56]] is [PLACED] at location (  11.500,    0.000) on layer 3 is NOT ON ALLOWED PIN LAYER.
**ERROR: (IMPPTN-1755):   Pin [out_core1[55]] of partition [dualcore] connected to net [out_core1[55]] is [PLACED] at location (  11.300,    0.000) on layer 3 has MIN-PIN-SPACING VIOLATION with pin out_core1[56].
**ERROR: (IMPPTN-1755):   Pin [out_core1[55]] of partition [dualcore] connected to net [out_core1[55]] is [PLACED] at location (  11.300,    0.000) on layer 3 is NOT ON ALLOWED PIN LAYER.
**ERROR: (IMPPTN-1755):   Pin [out_core1[54]] of partition [dualcore] connected to net [out_core1[54]] is [PLACED] at location (  11.100,    0.000) on layer 3 has MIN-PIN-SPACING VIOLATION with pin out_core1[55].
**ERROR: (IMPPTN-1755):   Pin [out_core1[54]] of partition [dualcore] connected to net [out_core1[54]] is [PLACED] at location (  11.100,    0.000) on layer 3 is NOT ON ALLOWED PIN LAYER.
**ERROR: (IMPPTN-1755):   Pin [out_core1[53]] of partition [dualcore] connected to net [out_core1[53]] is [PLACED] at location (  10.900,    0.000) on layer 3 has MIN-PIN-SPACING VIOLATION with pin out_core1[54].
**ERROR: (IMPPTN-1755):   Pin [out_core1[53]] of partition [dualcore] connected to net [out_core1[53]] is [PLACED] at location (  10.900,    0.000) on layer 3 is NOT ON ALLOWED PIN LAYER.
**ERROR: (IMPPTN-1755):   Pin [out_core1[52]] of partition [dualcore] connected to net [out_core1[52]] is [PLACED] at location (  10.700,    0.000) on layer 3 has MIN-PIN-SPACING VIOLATION with pin out_core1[53].
**ERROR: (IMPPTN-1755):   Pin [out_core1[52]] of partition [dualcore] connected to net [out_core1[52]] is [PLACED] at location (  10.700,    0.000) on layer 3 is NOT ON ALLOWED PIN LAYER.
**ERROR: (IMPPTN-1755):   Pin [out_core1[51]] of partition [dualcore] connected to net [out_core1[51]] is [PLACED] at location (  10.500,    0.000) on layer 3 has MIN-PIN-SPACING VIOLATION with pin out_core1[52].
**ERROR: (IMPPTN-1755):   Pin [out_core1[51]] of partition [dualcore] connected to net [out_core1[51]] is [PLACED] at location (  10.500,    0.000) on layer 3 is NOT ON ALLOWED PIN LAYER.
**ERROR: (IMPPTN-1755):   Pin [out_core1[50]] of partition [dualcore] connected to net [out_core1[50]] is [PLACED] at location (  10.300,    0.000) on layer 3 has MIN-PIN-SPACING VIOLATION with pin out_core1[51].
**ERROR: (IMPPTN-1755):   Pin [out_core1[50]] of partition [dualcore] connected to net [out_core1[50]] is [PLACED] at location (  10.300,    0.000) on layer 3 is NOT ON ALLOWED PIN LAYER.
**ERROR: (IMPPTN-1755):   Pin [out_core1[49]] of partition [dualcore] connected to net [out_core1[49]] is [PLACED] at location (  10.100,    0.000) on layer 3 has MIN-PIN-SPACING VIOLATION with pin out_core1[50].
**ERROR: (IMPPTN-1755):   Pin [out_core1[49]] of partition [dualcore] connected to net [out_core1[49]] is [PLACED] at location (  10.100,    0.000) on layer 3 is NOT ON ALLOWED PIN LAYER.
**ERROR: (IMPPTN-1755):   Pin [out_core1[48]] of partition [dualcore] connected to net [out_core1[48]] is [PLACED] at location (   9.900,    0.000) on layer 3 has MIN-PIN-SPACING VIOLATION with pin out_core1[49].
**ERROR: (IMPPTN-1755):   Pin [out_core1[48]] of partition [dualcore] connected to net [out_core1[48]] is [PLACED] at location (   9.900,    0.000) on layer 3 is NOT ON ALLOWED PIN LAYER.
**ERROR: (IMPPTN-1755):   Pin [out_core1[47]] of partition [dualcore] connected to net [out_core1[47]] is [PLACED] at location (   9.700,    0.000) on layer 3 has MIN-PIN-SPACING VIOLATION with pin out_core1[48].
**ERROR: (IMPPTN-1755):   Pin [out_core1[47]] of partition [dualcore] connected to net [out_core1[47]] is [PLACED] at location (   9.700,    0.000) on layer 3 is NOT ON ALLOWED PIN LAYER.
**ERROR: (IMPPTN-1755):   Pin [out_core1[46]] of partition [dualcore] connected to net [out_core1[46]] is [PLACED] at location (   9.500,    0.000) on layer 3 has MIN-PIN-SPACING VIOLATION with pin out_core1[47].
**ERROR: (IMPPTN-1755):   Pin [out_core1[46]] of partition [dualcore] connected to net [out_core1[46]] is [PLACED] at location (   9.500,    0.000) on layer 3 is NOT ON ALLOWED PIN LAYER.
**ERROR: (IMPPTN-1755):   Pin [out_core1[45]] of partition [dualcore] connected to net [out_core1[45]] is [PLACED] at location (   9.300,    0.000) on layer 3 has MIN-PIN-SPACING VIOLATION with pin out_core1[46].
**ERROR: (IMPPTN-1755):   Pin [out_core1[45]] of partition [dualcore] connected to net [out_core1[45]] is [PLACED] at location (   9.300,    0.000) on layer 3 is NOT ON ALLOWED PIN LAYER.
**ERROR: (IMPPTN-1755):   Pin [out_core1[44]] of partition [dualcore] connected to net [out_core1[44]] is [PLACED] at location (   9.100,    0.000) on layer 3 has MIN-PIN-SPACING VIOLATION with pin out_core1[45].
**ERROR: (IMPPTN-1755):   Pin [out_core1[44]] of partition [dualcore] connected to net [out_core1[44]] is [PLACED] at location (   9.100,    0.000) on layer 3 is NOT ON ALLOWED PIN LAYER.
**ERROR: (IMPPTN-1755):   Pin [out_core1[43]] of partition [dualcore] connected to net [out_core1[43]] is [PLACED] at location (   8.900,    0.000) on layer 3 has MIN-PIN-SPACING VIOLATION with pin out_core1[44].
**ERROR: (IMPPTN-1755):   Pin [out_core1[43]] of partition [dualcore] connected to net [out_core1[43]] is [PLACED] at location (   8.900,    0.000) on layer 3 is NOT ON ALLOWED PIN LAYER.
**ERROR: (IMPPTN-1755):   Pin [out_core1[42]] of partition [dualcore] connected to net [out_core1[42]] is [PLACED] at location (   8.700,    0.000) on layer 3 has MIN-PIN-SPACING VIOLATION with pin out_core1[43].
**ERROR: (IMPPTN-1755):   Pin [out_core1[42]] of partition [dualcore] connected to net [out_core1[42]] is [PLACED] at location (   8.700,    0.000) on layer 3 is NOT ON ALLOWED PIN LAYER.
**ERROR: (IMPPTN-1755):   Pin [out_core1[41]] of partition [dualcore] connected to net [out_core1[41]] is [PLACED] at location (   8.500,    0.000) on layer 3 has MIN-PIN-SPACING VIOLATION with pin out_core1[42].
**ERROR: (IMPPTN-1755):   Pin [out_core1[41]] of partition [dualcore] connected to net [out_core1[41]] is [PLACED] at location (   8.500,    0.000) on layer 3 is NOT ON ALLOWED PIN LAYER.
**ERROR: (IMPPTN-1755):   Pin [out_core1[40]] of partition [dualcore] connected to net [out_core1[40]] is [PLACED] at location (   8.300,    0.000) on layer 3 has MIN-PIN-SPACING VIOLATION with pin out_core1[41].
**ERROR: (IMPPTN-1755):   Pin [out_core1[40]] of partition [dualcore] connected to net [out_core1[40]] is [PLACED] at location (   8.300,    0.000) on layer 3 is NOT ON ALLOWED PIN LAYER.
**ERROR: (IMPPTN-1755):   Pin [out_core1[39]] of partition [dualcore] connected to net [out_core1[39]] is [PLACED] at location (   8.100,    0.000) on layer 3 has MIN-PIN-SPACING VIOLATION with pin out_core1[40].
**ERROR: (IMPPTN-1755):   Pin [out_core1[39]] of partition [dualcore] connected to net [out_core1[39]] is [PLACED] at location (   8.100,    0.000) on layer 3 is NOT ON ALLOWED PIN LAYER.
**ERROR: (IMPPTN-1755):   Pin [out_core1[38]] of partition [dualcore] connected to net [out_core1[38]] is [PLACED] at location (   7.900,    0.000) on layer 3 has MIN-PIN-SPACING VIOLATION with pin out_core1[39].
**ERROR: (IMPPTN-1755):   Pin [out_core1[38]] of partition [dualcore] connected to net [out_core1[38]] is [PLACED] at location (   7.900,    0.000) on layer 3 is NOT ON ALLOWED PIN LAYER.
**ERROR: (IMPPTN-1755):   Pin [out_core1[37]] of partition [dualcore] connected to net [out_core1[37]] is [PLACED] at location (   7.700,    0.000) on layer 3 has MIN-PIN-SPACING VIOLATION with pin out_core1[38].
**ERROR: (IMPPTN-1755):   Pin [out_core1[37]] of partition [dualcore] connected to net [out_core1[37]] is [PLACED] at location (   7.700,    0.000) on layer 3 is NOT ON ALLOWED PIN LAYER.
**ERROR: (IMPPTN-1755):   Pin [out_core1[36]] of partition [dualcore] connected to net [out_core1[36]] is [PLACED] at location (   7.500,    0.000) on layer 3 has MIN-PIN-SPACING VIOLATION with pin out_core1[37].
**ERROR: (IMPPTN-1755):   Pin [out_core1[36]] of partition [dualcore] connected to net [out_core1[36]] is [PLACED] at location (   7.500,    0.000) on layer 3 is NOT ON ALLOWED PIN LAYER.
**ERROR: (IMPPTN-1755):   Pin [out_core1[35]] of partition [dualcore] connected to net [out_core1[35]] is [PLACED] at location (   7.300,    0.000) on layer 3 has MIN-PIN-SPACING VIOLATION with pin out_core1[36].
**ERROR: (IMPPTN-1755):   Pin [out_core1[35]] of partition [dualcore] connected to net [out_core1[35]] is [PLACED] at location (   7.300,    0.000) on layer 3 is NOT ON ALLOWED PIN LAYER.
**ERROR: (IMPPTN-1755):   Pin [out_core1[34]] of partition [dualcore] connected to net [out_core1[34]] is [PLACED] at location (   7.100,    0.000) on layer 3 has MIN-PIN-SPACING VIOLATION with pin out_core1[35].
**ERROR: (IMPPTN-1755):   Pin [out_core1[34]] of partition [dualcore] connected to net [out_core1[34]] is [PLACED] at location (   7.100,    0.000) on layer 3 is NOT ON ALLOWED PIN LAYER.
**ERROR: (IMPPTN-1755):   Pin [out_core1[33]] of partition [dualcore] connected to net [out_core1[33]] is [PLACED] at location (   6.900,    0.000) on layer 3 has MIN-PIN-SPACING VIOLATION with pin out_core1[34].
**ERROR: (IMPPTN-1755):   Pin [out_core1[33]] of partition [dualcore] connected to net [out_core1[33]] is [PLACED] at location (   6.900,    0.000) on layer 3 is NOT ON ALLOWED PIN LAYER.
**ERROR: (IMPPTN-1755):   Pin [out_core1[32]] of partition [dualcore] connected to net [out_core1[32]] is [PLACED] at location (   6.700,    0.000) on layer 3 has MIN-PIN-SPACING VIOLATION with pin out_core1[33].
**ERROR: (IMPPTN-1755):   Pin [out_core1[32]] of partition [dualcore] connected to net [out_core1[32]] is [PLACED] at location (   6.700,    0.000) on layer 3 is NOT ON ALLOWED PIN LAYER.
**ERROR: (IMPPTN-1755):   Pin [out_core1[31]] of partition [dualcore] connected to net [out_core1[31]] is [PLACED] at location (   6.500,    0.000) on layer 3 has MIN-PIN-SPACING VIOLATION with pin out_core1[32].
**ERROR: (IMPPTN-1755):   Pin [out_core1[31]] of partition [dualcore] connected to net [out_core1[31]] is [PLACED] at location (   6.500,    0.000) on layer 3 is NOT ON ALLOWED PIN LAYER.
**ERROR: (IMPPTN-1755):   Pin [out_core1[30]] of partition [dualcore] connected to net [out_core1[30]] is [PLACED] at location (   6.300,    0.000) on layer 3 has MIN-PIN-SPACING VIOLATION with pin out_core1[31].
**ERROR: (IMPPTN-1755):   Pin [out_core1[30]] of partition [dualcore] connected to net [out_core1[30]] is [PLACED] at location (   6.300,    0.000) on layer 3 is NOT ON ALLOWED PIN LAYER.
**ERROR: (IMPPTN-1755):   Pin [out_core1[29]] of partition [dualcore] connected to net [out_core1[29]] is [PLACED] at location (   6.100,    0.000) on layer 3 has MIN-PIN-SPACING VIOLATION with pin out_core1[30].
**ERROR: (IMPPTN-1755):   Pin [out_core1[29]] of partition [dualcore] connected to net [out_core1[29]] is [PLACED] at location (   6.100,    0.000) on layer 3 is NOT ON ALLOWED PIN LAYER.
**ERROR: (IMPPTN-1755):   Pin [out_core1[28]] of partition [dualcore] connected to net [out_core1[28]] is [PLACED] at location (   5.900,    0.000) on layer 3 has MIN-PIN-SPACING VIOLATION with pin out_core1[29].
**ERROR: (IMPPTN-1755):   Pin [out_core1[28]] of partition [dualcore] connected to net [out_core1[28]] is [PLACED] at location (   5.900,    0.000) on layer 3 is NOT ON ALLOWED PIN LAYER.
**ERROR: (IMPPTN-1755):   Pin [out_core1[27]] of partition [dualcore] connected to net [out_core1[27]] is [PLACED] at location (   5.700,    0.000) on layer 3 has MIN-PIN-SPACING VIOLATION with pin out_core1[28].
**ERROR: (IMPPTN-1755):   Pin [out_core1[27]] of partition [dualcore] connected to net [out_core1[27]] is [PLACED] at location (   5.700,    0.000) on layer 3 is NOT ON ALLOWED PIN LAYER.
**ERROR: (IMPPTN-1755):   Pin [out_core1[26]] of partition [dualcore] connected to net [out_core1[26]] is [PLACED] at location (   5.500,    0.000) on layer 3 has MIN-PIN-SPACING VIOLATION with pin out_core1[27].
**ERROR: (IMPPTN-1755):   Pin [out_core1[26]] of partition [dualcore] connected to net [out_core1[26]] is [PLACED] at location (   5.500,    0.000) on layer 3 is NOT ON ALLOWED PIN LAYER.
**ERROR: (IMPPTN-1755):   Pin [out_core1[25]] of partition [dualcore] connected to net [out_core1[25]] is [PLACED] at location (   5.300,    0.000) on layer 3 has MIN-PIN-SPACING VIOLATION with pin out_core1[26].
**ERROR: (IMPPTN-1755):   Pin [out_core1[25]] of partition [dualcore] connected to net [out_core1[25]] is [PLACED] at location (   5.300,    0.000) on layer 3 is NOT ON ALLOWED PIN LAYER.
**ERROR: (IMPPTN-1755):   Pin [out_core1[24]] of partition [dualcore] connected to net [out_core1[24]] is [PLACED] at location (   5.100,    0.000) on layer 3 has MIN-PIN-SPACING VIOLATION with pin out_core1[25].
**ERROR: (IMPPTN-1755):   Pin [out_core1[24]] of partition [dualcore] connected to net [out_core1[24]] is [PLACED] at location (   5.100,    0.000) on layer 3 is NOT ON ALLOWED PIN LAYER.
**ERROR: (IMPPTN-1755):   Pin [out_core1[23]] of partition [dualcore] connected to net [out_core1[23]] is [PLACED] at location (   4.900,    0.000) on layer 3 has MIN-PIN-SPACING VIOLATION with pin out_core1[24].
**ERROR: (IMPPTN-1755):   Pin [out_core1[23]] of partition [dualcore] connected to net [out_core1[23]] is [PLACED] at location (   4.900,    0.000) on layer 3 is NOT ON ALLOWED PIN LAYER.
**ERROR: (IMPPTN-1755):   Pin [out_core1[22]] of partition [dualcore] connected to net [out_core1[22]] is [PLACED] at location (   4.700,    0.000) on layer 3 has MIN-PIN-SPACING VIOLATION with pin out_core1[23].
**ERROR: (IMPPTN-1755):   Pin [out_core1[22]] of partition [dualcore] connected to net [out_core1[22]] is [PLACED] at location (   4.700,    0.000) on layer 3 is NOT ON ALLOWED PIN LAYER.
**ERROR: (IMPPTN-1755):   Pin [out_core1[21]] of partition [dualcore] connected to net [out_core1[21]] is [PLACED] at location (   4.500,    0.000) on layer 3 has MIN-PIN-SPACING VIOLATION with pin out_core1[22].
**ERROR: (IMPPTN-1755):   Pin [out_core1[21]] of partition [dualcore] connected to net [out_core1[21]] is [PLACED] at location (   4.500,    0.000) on layer 3 is NOT ON ALLOWED PIN LAYER.
**ERROR: (IMPPTN-1755):   Pin [out_core1[20]] of partition [dualcore] connected to net [out_core1[20]] is [PLACED] at location (   4.300,    0.000) on layer 3 has MIN-PIN-SPACING VIOLATION with pin out_core1[21].
**ERROR: (IMPPTN-1755):   Pin [out_core1[20]] of partition [dualcore] connected to net [out_core1[20]] is [PLACED] at location (   4.300,    0.000) on layer 3 is NOT ON ALLOWED PIN LAYER.
**ERROR: (IMPPTN-1755):   Pin [out_core1[19]] of partition [dualcore] connected to net [out_core1[19]] is [PLACED] at location (   4.100,    0.000) on layer 3 has MIN-PIN-SPACING VIOLATION with pin out_core1[20].
**ERROR: (IMPPTN-1755):   Pin [out_core1[19]] of partition [dualcore] connected to net [out_core1[19]] is [PLACED] at location (   4.100,    0.000) on layer 3 is NOT ON ALLOWED PIN LAYER.
**ERROR: (IMPPTN-1755):   Pin [out_core1[18]] of partition [dualcore] connected to net [out_core1[18]] is [PLACED] at location (   3.900,    0.000) on layer 3 has MIN-PIN-SPACING VIOLATION with pin out_core1[19].
**ERROR: (IMPPTN-1755):   Pin [out_core1[18]] of partition [dualcore] connected to net [out_core1[18]] is [PLACED] at location (   3.900,    0.000) on layer 3 is NOT ON ALLOWED PIN LAYER.
**ERROR: (IMPPTN-1755):   Pin [out_core1[17]] of partition [dualcore] connected to net [out_core1[17]] is [PLACED] at location (   3.700,    0.000) on layer 3 has MIN-PIN-SPACING VIOLATION with pin out_core1[18].
**ERROR: (IMPPTN-1755):   Pin [out_core1[17]] of partition [dualcore] connected to net [out_core1[17]] is [PLACED] at location (   3.700,    0.000) on layer 3 is NOT ON ALLOWED PIN LAYER.
**ERROR: (IMPPTN-1755):   Pin [out_core1[16]] of partition [dualcore] connected to net [out_core1[16]] is [PLACED] at location (   3.500,    0.000) on layer 3 has MIN-PIN-SPACING VIOLATION with pin out_core1[17].
**ERROR: (IMPPTN-1755):   Pin [out_core1[16]] of partition [dualcore] connected to net [out_core1[16]] is [PLACED] at location (   3.500,    0.000) on layer 3 is NOT ON ALLOWED PIN LAYER.
**ERROR: (IMPPTN-1755):   Pin [out_core1[15]] of partition [dualcore] connected to net [out_core1[15]] is [PLACED] at location (   3.300,    0.000) on layer 3 has MIN-PIN-SPACING VIOLATION with pin out_core1[16].
**ERROR: (IMPPTN-1755):   Pin [out_core1[15]] of partition [dualcore] connected to net [out_core1[15]] is [PLACED] at location (   3.300,    0.000) on layer 3 is NOT ON ALLOWED PIN LAYER.
**ERROR: (IMPPTN-1755):   Pin [out_core1[14]] of partition [dualcore] connected to net [out_core1[14]] is [PLACED] at location (   3.100,    0.000) on layer 3 has MIN-PIN-SPACING VIOLATION with pin out_core1[15].
**ERROR: (IMPPTN-1755):   Pin [out_core1[14]] of partition [dualcore] connected to net [out_core1[14]] is [PLACED] at location (   3.100,    0.000) on layer 3 is NOT ON ALLOWED PIN LAYER.
**ERROR: (IMPPTN-1755):   Pin [out_core1[13]] of partition [dualcore] connected to net [out_core1[13]] is [PLACED] at location (   2.900,    0.000) on layer 3 has MIN-PIN-SPACING VIOLATION with pin out_core1[14].
**ERROR: (IMPPTN-1755):   Pin [out_core1[13]] of partition [dualcore] connected to net [out_core1[13]] is [PLACED] at location (   2.900,    0.000) on layer 3 is NOT ON ALLOWED PIN LAYER.
**ERROR: (IMPPTN-1755):   Pin [out_core1[12]] of partition [dualcore] connected to net [out_core1[12]] is [PLACED] at location (   2.700,    0.000) on layer 3 has MIN-PIN-SPACING VIOLATION with pin out_core1[13].
**ERROR: (IMPPTN-1755):   Pin [out_core1[12]] of partition [dualcore] connected to net [out_core1[12]] is [PLACED] at location (   2.700,    0.000) on layer 3 is NOT ON ALLOWED PIN LAYER.
**ERROR: (IMPPTN-1755):   Pin [out_core1[11]] of partition [dualcore] connected to net [out_core1[11]] is [PLACED] at location (   2.500,    0.000) on layer 3 has MIN-PIN-SPACING VIOLATION with pin out_core1[12].
**ERROR: (IMPPTN-1755):   Pin [out_core1[11]] of partition [dualcore] connected to net [out_core1[11]] is [PLACED] at location (   2.500,    0.000) on layer 3 is NOT ON ALLOWED PIN LAYER.
**ERROR: (IMPPTN-1755):   Pin [out_core1[10]] of partition [dualcore] connected to net [out_core1[10]] is [PLACED] at location (   2.300,    0.000) on layer 3 has MIN-PIN-SPACING VIOLATION with pin out_core1[11].
**ERROR: (IMPPTN-1755):   Pin [out_core1[10]] of partition [dualcore] connected to net [out_core1[10]] is [PLACED] at location (   2.300,    0.000) on layer 3 is NOT ON ALLOWED PIN LAYER.
**ERROR: (IMPPTN-1755):   Pin [out_core1[9]] of partition [dualcore] connected to net [out_core1[9]] is [PLACED] at location (   2.100,    0.000) on layer 3 has MIN-PIN-SPACING VIOLATION with pin out_core1[10].
**ERROR: (IMPPTN-1755):   Pin [out_core1[9]] of partition [dualcore] connected to net [out_core1[9]] is [PLACED] at location (   2.100,    0.000) on layer 3 is NOT ON ALLOWED PIN LAYER.
**ERROR: (IMPPTN-1755):   Pin [out_core1[8]] of partition [dualcore] connected to net [out_core1[8]] is [PLACED] at location (   1.900,    0.000) on layer 3 has MIN-PIN-SPACING VIOLATION with pin out_core1[9].
**ERROR: (IMPPTN-1755):   Pin [out_core1[8]] of partition [dualcore] connected to net [out_core1[8]] is [PLACED] at location (   1.900,    0.000) on layer 3 is NOT ON ALLOWED PIN LAYER.
**ERROR: (IMPPTN-1755):   Pin [out_core1[7]] of partition [dualcore] connected to net [out_core1[7]] is [PLACED] at location (   1.700,    0.000) on layer 3 has MIN-PIN-SPACING VIOLATION with pin out_core1[8].
**ERROR: (IMPPTN-1755):   Pin [out_core1[7]] of partition [dualcore] connected to net [out_core1[7]] is [PLACED] at location (   1.700,    0.000) on layer 3 is NOT ON ALLOWED PIN LAYER.
**ERROR: (IMPPTN-1755):   Pin [out_core1[6]] of partition [dualcore] connected to net [out_core1[6]] is [PLACED] at location (   1.500,    0.000) on layer 3 has MIN-PIN-SPACING VIOLATION with pin out_core1[7].
**ERROR: (IMPPTN-1755):   Pin [out_core1[6]] of partition [dualcore] connected to net [out_core1[6]] is [PLACED] at location (   1.500,    0.000) on layer 3 is NOT ON ALLOWED PIN LAYER.
**ERROR: (IMPPTN-1755):   Pin [out_core1[5]] of partition [dualcore] connected to net [out_core1[5]] is [PLACED] at location (   1.300,    0.000) on layer 3 has MIN-PIN-SPACING VIOLATION with pin out_core1[6].
**ERROR: (IMPPTN-1755):   Pin [out_core1[5]] of partition [dualcore] connected to net [out_core1[5]] is [PLACED] at location (   1.300,    0.000) on layer 3 is NOT ON ALLOWED PIN LAYER.
**ERROR: (IMPPTN-1755):   Pin [out_core1[4]] of partition [dualcore] connected to net [out_core1[4]] is [PLACED] at location (   1.100,    0.000) on layer 3 has MIN-PIN-SPACING VIOLATION with pin out_core1[5].
**ERROR: (IMPPTN-1755):   Pin [out_core1[4]] of partition [dualcore] connected to net [out_core1[4]] is [PLACED] at location (   1.100,    0.000) on layer 3 is NOT ON ALLOWED PIN LAYER.
**ERROR: (IMPPTN-1755):   Pin [out_core1[3]] of partition [dualcore] connected to net [out_core1[3]] is [PLACED] at location (   0.900,    0.000) on layer 3 is NOT ON ALLOWED PIN LAYER.
**ERROR: (IMPPTN-1755):   Pin [out_core1[3]] of partition [dualcore] connected to net [out_core1[3]] is [PLACED] at location (   0.900,    0.000) on layer 3 is OVERLAPPED WITH CORNER-MASK of partition dualcore.
**ERROR: (IMPPTN-1755):   Pin [out_core1[2]] of partition [dualcore] connected to net [out_core1[2]] is [PLACED] at location (   0.700,    0.000) on layer 3 is NOT ON ALLOWED PIN LAYER.
**ERROR: (IMPPTN-1755):   Pin [out_core1[2]] of partition [dualcore] connected to net [out_core1[2]] is [PLACED] at location (   0.700,    0.000) on layer 3 is OVERLAPPED WITH CORNER-MASK of partition dualcore.
**ERROR: (IMPPTN-1755):   Pin [out_core1[1]] of partition [dualcore] connected to net [out_core1[1]] is [PLACED] at location (   0.500,    0.000) on layer 3 is NOT ON ALLOWED PIN LAYER.
**ERROR: (IMPPTN-1755):   Pin [out_core1[1]] of partition [dualcore] connected to net [out_core1[1]] is [PLACED] at location (   0.500,    0.000) on layer 3 is OVERLAPPED WITH CORNER-MASK of partition dualcore.
**ERROR: (IMPPTN-1755):   Pin [out_core1[0]] of partition [dualcore] connected to net [out_core1[0]] is [PLACED] at location (   0.300,    0.000) on layer 3 is NOT ON ALLOWED PIN LAYER.
**ERROR: (IMPPTN-1755):   Pin [out_core1[0]] of partition [dualcore] connected to net [out_core1[0]] is [PLACED] at location (   0.300,    0.000) on layer 3 is OVERLAPPED WITH CORNER-MASK of partition dualcore.
**ERROR: (IMPPTN-1755):   Pin [out_core2[87]] of partition [dualcore] connected to net [out_core2[87]] is [PLACED] at location (  35.300,    0.000) on layer 3 has MIN-PIN-SPACING VIOLATION with pin out_core2[86].
**ERROR: (IMPPTN-1755):   Pin [out_core2[87]] of partition [dualcore] connected to net [out_core2[87]] is [PLACED] at location (  35.300,    0.000) on layer 3 is NOT ON ALLOWED PIN LAYER.
**ERROR: (IMPPTN-1755):   Pin [out_core2[86]] of partition [dualcore] connected to net [out_core2[86]] is [PLACED] at location (  35.100,    0.000) on layer 3 has MIN-PIN-SPACING VIOLATION with pin out_core2[87].
**ERROR: (IMPPTN-1755):   Pin [out_core2[86]] of partition [dualcore] connected to net [out_core2[86]] is [PLACED] at location (  35.100,    0.000) on layer 3 is NOT ON ALLOWED PIN LAYER.
**ERROR: (IMPPTN-1755):   Pin [out_core2[85]] of partition [dualcore] connected to net [out_core2[85]] is [PLACED] at location (  34.900,    0.000) on layer 3 has MIN-PIN-SPACING VIOLATION with pin out_core2[86].
**ERROR: (IMPPTN-1755):   Pin [out_core2[85]] of partition [dualcore] connected to net [out_core2[85]] is [PLACED] at location (  34.900,    0.000) on layer 3 is NOT ON ALLOWED PIN LAYER.
**ERROR: (IMPPTN-1755):   Pin [out_core2[84]] of partition [dualcore] connected to net [out_core2[84]] is [PLACED] at location (  34.700,    0.000) on layer 3 has MIN-PIN-SPACING VIOLATION with pin out_core2[85].
**ERROR: (IMPPTN-1755):   Pin [out_core2[84]] of partition [dualcore] connected to net [out_core2[84]] is [PLACED] at location (  34.700,    0.000) on layer 3 is NOT ON ALLOWED PIN LAYER.
**ERROR: (IMPPTN-1755):   Pin [out_core2[83]] of partition [dualcore] connected to net [out_core2[83]] is [PLACED] at location (  34.500,    0.000) on layer 3 has MIN-PIN-SPACING VIOLATION with pin out_core2[84].
**ERROR: (IMPPTN-1755):   Pin [out_core2[83]] of partition [dualcore] connected to net [out_core2[83]] is [PLACED] at location (  34.500,    0.000) on layer 3 is NOT ON ALLOWED PIN LAYER.
**ERROR: (IMPPTN-1755):   Pin [out_core2[82]] of partition [dualcore] connected to net [out_core2[82]] is [PLACED] at location (  34.300,    0.000) on layer 3 has MIN-PIN-SPACING VIOLATION with pin out_core2[83].
**ERROR: (IMPPTN-1755):   Pin [out_core2[82]] of partition [dualcore] connected to net [out_core2[82]] is [PLACED] at location (  34.300,    0.000) on layer 3 is NOT ON ALLOWED PIN LAYER.
**ERROR: (IMPPTN-1755):   Pin [out_core2[81]] of partition [dualcore] connected to net [out_core2[81]] is [PLACED] at location (  34.100,    0.000) on layer 3 has MIN-PIN-SPACING VIOLATION with pin out_core2[82].
**ERROR: (IMPPTN-1755):   Pin [out_core2[81]] of partition [dualcore] connected to net [out_core2[81]] is [PLACED] at location (  34.100,    0.000) on layer 3 is NOT ON ALLOWED PIN LAYER.
**ERROR: (IMPPTN-1755):   Pin [out_core2[80]] of partition [dualcore] connected to net [out_core2[80]] is [PLACED] at location (  33.900,    0.000) on layer 3 has MIN-PIN-SPACING VIOLATION with pin out_core2[81].
**ERROR: (IMPPTN-1755):   Pin [out_core2[80]] of partition [dualcore] connected to net [out_core2[80]] is [PLACED] at location (  33.900,    0.000) on layer 3 is NOT ON ALLOWED PIN LAYER.
**ERROR: (IMPPTN-1755):   Pin [out_core2[79]] of partition [dualcore] connected to net [out_core2[79]] is [PLACED] at location (  33.700,    0.000) on layer 3 has MIN-PIN-SPACING VIOLATION with pin out_core2[80].
**ERROR: (IMPPTN-1755):   Pin [out_core2[79]] of partition [dualcore] connected to net [out_core2[79]] is [PLACED] at location (  33.700,    0.000) on layer 3 is NOT ON ALLOWED PIN LAYER.
**ERROR: (IMPPTN-1755):   Pin [out_core2[78]] of partition [dualcore] connected to net [out_core2[78]] is [PLACED] at location (  33.500,    0.000) on layer 3 has MIN-PIN-SPACING VIOLATION with pin out_core2[79].
**ERROR: (IMPPTN-1755):   Pin [out_core2[78]] of partition [dualcore] connected to net [out_core2[78]] is [PLACED] at location (  33.500,    0.000) on layer 3 is NOT ON ALLOWED PIN LAYER.
**ERROR: (IMPPTN-1755):   Pin [out_core2[77]] of partition [dualcore] connected to net [out_core2[77]] is [PLACED] at location (  33.300,    0.000) on layer 3 has MIN-PIN-SPACING VIOLATION with pin out_core2[78].
**ERROR: (IMPPTN-1755):   Pin [out_core2[77]] of partition [dualcore] connected to net [out_core2[77]] is [PLACED] at location (  33.300,    0.000) on layer 3 is NOT ON ALLOWED PIN LAYER.
**ERROR: (IMPPTN-1755):   Pin [out_core2[76]] of partition [dualcore] connected to net [out_core2[76]] is [PLACED] at location (  33.100,    0.000) on layer 3 has MIN-PIN-SPACING VIOLATION with pin out_core2[77].
**ERROR: (IMPPTN-1755):   Pin [out_core2[76]] of partition [dualcore] connected to net [out_core2[76]] is [PLACED] at location (  33.100,    0.000) on layer 3 is NOT ON ALLOWED PIN LAYER.
**ERROR: (IMPPTN-1755):   Pin [out_core2[75]] of partition [dualcore] connected to net [out_core2[75]] is [PLACED] at location (  32.900,    0.000) on layer 3 has MIN-PIN-SPACING VIOLATION with pin out_core2[76].
**ERROR: (IMPPTN-1755):   Pin [out_core2[75]] of partition [dualcore] connected to net [out_core2[75]] is [PLACED] at location (  32.900,    0.000) on layer 3 is NOT ON ALLOWED PIN LAYER.
**ERROR: (IMPPTN-1755):   Pin [out_core2[74]] of partition [dualcore] connected to net [out_core2[74]] is [PLACED] at location (  32.700,    0.000) on layer 3 has MIN-PIN-SPACING VIOLATION with pin out_core2[75].
**ERROR: (IMPPTN-1755):   Pin [out_core2[74]] of partition [dualcore] connected to net [out_core2[74]] is [PLACED] at location (  32.700,    0.000) on layer 3 is NOT ON ALLOWED PIN LAYER.
**ERROR: (IMPPTN-1755):   Pin [out_core2[73]] of partition [dualcore] connected to net [out_core2[73]] is [PLACED] at location (  32.500,    0.000) on layer 3 has MIN-PIN-SPACING VIOLATION with pin out_core2[74].
**ERROR: (IMPPTN-1755):   Pin [out_core2[73]] of partition [dualcore] connected to net [out_core2[73]] is [PLACED] at location (  32.500,    0.000) on layer 3 is NOT ON ALLOWED PIN LAYER.
**ERROR: (IMPPTN-1755):   Pin [out_core2[72]] of partition [dualcore] connected to net [out_core2[72]] is [PLACED] at location (  32.300,    0.000) on layer 3 has MIN-PIN-SPACING VIOLATION with pin out_core2[73].
**ERROR: (IMPPTN-1755):   Pin [out_core2[72]] of partition [dualcore] connected to net [out_core2[72]] is [PLACED] at location (  32.300,    0.000) on layer 3 is NOT ON ALLOWED PIN LAYER.
**ERROR: (IMPPTN-1755):   Pin [out_core2[71]] of partition [dualcore] connected to net [out_core2[71]] is [PLACED] at location (  32.100,    0.000) on layer 3 has MIN-PIN-SPACING VIOLATION with pin out_core2[72].
**ERROR: (IMPPTN-1755):   Pin [out_core2[71]] of partition [dualcore] connected to net [out_core2[71]] is [PLACED] at location (  32.100,    0.000) on layer 3 is NOT ON ALLOWED PIN LAYER.
**ERROR: (IMPPTN-1755):   Pin [out_core2[70]] of partition [dualcore] connected to net [out_core2[70]] is [PLACED] at location (  31.900,    0.000) on layer 3 has MIN-PIN-SPACING VIOLATION with pin out_core2[71].
**ERROR: (IMPPTN-1755):   Pin [out_core2[70]] of partition [dualcore] connected to net [out_core2[70]] is [PLACED] at location (  31.900,    0.000) on layer 3 is NOT ON ALLOWED PIN LAYER.
**ERROR: (IMPPTN-1755):   Pin [out_core2[69]] of partition [dualcore] connected to net [out_core2[69]] is [PLACED] at location (  31.700,    0.000) on layer 3 has MIN-PIN-SPACING VIOLATION with pin out_core2[70].
**ERROR: (IMPPTN-1755):   Pin [out_core2[69]] of partition [dualcore] connected to net [out_core2[69]] is [PLACED] at location (  31.700,    0.000) on layer 3 is NOT ON ALLOWED PIN LAYER.
**ERROR: (IMPPTN-1755):   Pin [out_core2[68]] of partition [dualcore] connected to net [out_core2[68]] is [PLACED] at location (  31.500,    0.000) on layer 3 has MIN-PIN-SPACING VIOLATION with pin out_core2[69].
**ERROR: (IMPPTN-1755):   Pin [out_core2[68]] of partition [dualcore] connected to net [out_core2[68]] is [PLACED] at location (  31.500,    0.000) on layer 3 is NOT ON ALLOWED PIN LAYER.
**ERROR: (IMPPTN-1755):   Pin [out_core2[67]] of partition [dualcore] connected to net [out_core2[67]] is [PLACED] at location (  31.300,    0.000) on layer 3 has MIN-PIN-SPACING VIOLATION with pin out_core2[68].
**ERROR: (IMPPTN-1755):   Pin [out_core2[67]] of partition [dualcore] connected to net [out_core2[67]] is [PLACED] at location (  31.300,    0.000) on layer 3 is NOT ON ALLOWED PIN LAYER.
**ERROR: (IMPPTN-1755):   Pin [out_core2[66]] of partition [dualcore] connected to net [out_core2[66]] is [PLACED] at location (  31.100,    0.000) on layer 3 has MIN-PIN-SPACING VIOLATION with pin out_core2[67].
**ERROR: (IMPPTN-1755):   Pin [out_core2[66]] of partition [dualcore] connected to net [out_core2[66]] is [PLACED] at location (  31.100,    0.000) on layer 3 is NOT ON ALLOWED PIN LAYER.
**ERROR: (IMPPTN-1755):   Pin [out_core2[65]] of partition [dualcore] connected to net [out_core2[65]] is [PLACED] at location (  30.900,    0.000) on layer 3 has MIN-PIN-SPACING VIOLATION with pin out_core2[66].
**ERROR: (IMPPTN-1755):   Pin [out_core2[65]] of partition [dualcore] connected to net [out_core2[65]] is [PLACED] at location (  30.900,    0.000) on layer 3 is NOT ON ALLOWED PIN LAYER.
**ERROR: (IMPPTN-1755):   Pin [out_core2[64]] of partition [dualcore] connected to net [out_core2[64]] is [PLACED] at location (  30.700,    0.000) on layer 3 has MIN-PIN-SPACING VIOLATION with pin out_core2[65].
**ERROR: (IMPPTN-1755):   Pin [out_core2[64]] of partition [dualcore] connected to net [out_core2[64]] is [PLACED] at location (  30.700,    0.000) on layer 3 is NOT ON ALLOWED PIN LAYER.
**ERROR: (IMPPTN-1755):   Pin [out_core2[63]] of partition [dualcore] connected to net [out_core2[63]] is [PLACED] at location (  30.500,    0.000) on layer 3 has MIN-PIN-SPACING VIOLATION with pin out_core2[64].
**ERROR: (IMPPTN-1755):   Pin [out_core2[63]] of partition [dualcore] connected to net [out_core2[63]] is [PLACED] at location (  30.500,    0.000) on layer 3 is NOT ON ALLOWED PIN LAYER.
**ERROR: (IMPPTN-1755):   Pin [out_core2[62]] of partition [dualcore] connected to net [out_core2[62]] is [PLACED] at location (  30.300,    0.000) on layer 3 has MIN-PIN-SPACING VIOLATION with pin out_core2[63].
**ERROR: (IMPPTN-1755):   Pin [out_core2[62]] of partition [dualcore] connected to net [out_core2[62]] is [PLACED] at location (  30.300,    0.000) on layer 3 is NOT ON ALLOWED PIN LAYER.
**ERROR: (IMPPTN-1755):   Pin [out_core2[61]] of partition [dualcore] connected to net [out_core2[61]] is [PLACED] at location (  30.100,    0.000) on layer 3 has MIN-PIN-SPACING VIOLATION with pin out_core2[62].
**ERROR: (IMPPTN-1755):   Pin [out_core2[61]] of partition [dualcore] connected to net [out_core2[61]] is [PLACED] at location (  30.100,    0.000) on layer 3 is NOT ON ALLOWED PIN LAYER.
**ERROR: (IMPPTN-1755):   Pin [out_core2[60]] of partition [dualcore] connected to net [out_core2[60]] is [PLACED] at location (  29.900,    0.000) on layer 3 has MIN-PIN-SPACING VIOLATION with pin out_core2[61].
**ERROR: (IMPPTN-1755):   Pin [out_core2[60]] of partition [dualcore] connected to net [out_core2[60]] is [PLACED] at location (  29.900,    0.000) on layer 3 is NOT ON ALLOWED PIN LAYER.
**ERROR: (IMPPTN-1755):   Pin [out_core2[59]] of partition [dualcore] connected to net [out_core2[59]] is [PLACED] at location (  29.700,    0.000) on layer 3 has MIN-PIN-SPACING VIOLATION with pin out_core2[60].
**ERROR: (IMPPTN-1755):   Pin [out_core2[59]] of partition [dualcore] connected to net [out_core2[59]] is [PLACED] at location (  29.700,    0.000) on layer 3 is NOT ON ALLOWED PIN LAYER.
**ERROR: (IMPPTN-1755):   Pin [out_core2[58]] of partition [dualcore] connected to net [out_core2[58]] is [PLACED] at location (  29.500,    0.000) on layer 3 has MIN-PIN-SPACING VIOLATION with pin out_core2[59].
**ERROR: (IMPPTN-1755):   Pin [out_core2[58]] of partition [dualcore] connected to net [out_core2[58]] is [PLACED] at location (  29.500,    0.000) on layer 3 is NOT ON ALLOWED PIN LAYER.
**ERROR: (IMPPTN-1755):   Pin [out_core2[57]] of partition [dualcore] connected to net [out_core2[57]] is [PLACED] at location (  29.300,    0.000) on layer 3 has MIN-PIN-SPACING VIOLATION with pin out_core2[58].
**ERROR: (IMPPTN-1755):   Pin [out_core2[57]] of partition [dualcore] connected to net [out_core2[57]] is [PLACED] at location (  29.300,    0.000) on layer 3 is NOT ON ALLOWED PIN LAYER.
**ERROR: (IMPPTN-1755):   Pin [out_core2[56]] of partition [dualcore] connected to net [out_core2[56]] is [PLACED] at location (  29.100,    0.000) on layer 3 has MIN-PIN-SPACING VIOLATION with pin out_core2[57].
**ERROR: (IMPPTN-1755):   Pin [out_core2[56]] of partition [dualcore] connected to net [out_core2[56]] is [PLACED] at location (  29.100,    0.000) on layer 3 is NOT ON ALLOWED PIN LAYER.
**ERROR: (IMPPTN-1755):   Pin [out_core2[55]] of partition [dualcore] connected to net [out_core2[55]] is [PLACED] at location (  28.900,    0.000) on layer 3 has MIN-PIN-SPACING VIOLATION with pin out_core2[56].
**ERROR: (IMPPTN-1755):   Pin [out_core2[55]] of partition [dualcore] connected to net [out_core2[55]] is [PLACED] at location (  28.900,    0.000) on layer 3 is NOT ON ALLOWED PIN LAYER.
**ERROR: (IMPPTN-1755):   Pin [out_core2[54]] of partition [dualcore] connected to net [out_core2[54]] is [PLACED] at location (  28.700,    0.000) on layer 3 has MIN-PIN-SPACING VIOLATION with pin out_core2[55].
**ERROR: (IMPPTN-1755):   Pin [out_core2[54]] of partition [dualcore] connected to net [out_core2[54]] is [PLACED] at location (  28.700,    0.000) on layer 3 is NOT ON ALLOWED PIN LAYER.
**ERROR: (IMPPTN-1755):   Pin [out_core2[53]] of partition [dualcore] connected to net [out_core2[53]] is [PLACED] at location (  28.500,    0.000) on layer 3 has MIN-PIN-SPACING VIOLATION with pin out_core2[54].
**ERROR: (IMPPTN-1755):   Pin [out_core2[53]] of partition [dualcore] connected to net [out_core2[53]] is [PLACED] at location (  28.500,    0.000) on layer 3 is NOT ON ALLOWED PIN LAYER.
**ERROR: (IMPPTN-1755):   Pin [out_core2[52]] of partition [dualcore] connected to net [out_core2[52]] is [PLACED] at location (  28.300,    0.000) on layer 3 has MIN-PIN-SPACING VIOLATION with pin out_core2[53].
**ERROR: (IMPPTN-1755):   Pin [out_core2[52]] of partition [dualcore] connected to net [out_core2[52]] is [PLACED] at location (  28.300,    0.000) on layer 3 is NOT ON ALLOWED PIN LAYER.
**ERROR: (IMPPTN-1755):   Pin [out_core2[51]] of partition [dualcore] connected to net [out_core2[51]] is [PLACED] at location (  28.100,    0.000) on layer 3 has MIN-PIN-SPACING VIOLATION with pin out_core2[52].
**ERROR: (IMPPTN-1755):   Pin [out_core2[51]] of partition [dualcore] connected to net [out_core2[51]] is [PLACED] at location (  28.100,    0.000) on layer 3 is NOT ON ALLOWED PIN LAYER.
**ERROR: (IMPPTN-1755):   Pin [out_core2[50]] of partition [dualcore] connected to net [out_core2[50]] is [PLACED] at location (  27.900,    0.000) on layer 3 has MIN-PIN-SPACING VIOLATION with pin out_core2[51].
**ERROR: (IMPPTN-1755):   Pin [out_core2[50]] of partition [dualcore] connected to net [out_core2[50]] is [PLACED] at location (  27.900,    0.000) on layer 3 is NOT ON ALLOWED PIN LAYER.
**ERROR: (IMPPTN-1755):   Pin [out_core2[49]] of partition [dualcore] connected to net [out_core2[49]] is [PLACED] at location (  27.700,    0.000) on layer 3 has MIN-PIN-SPACING VIOLATION with pin out_core2[50].
**ERROR: (IMPPTN-1755):   Pin [out_core2[49]] of partition [dualcore] connected to net [out_core2[49]] is [PLACED] at location (  27.700,    0.000) on layer 3 is NOT ON ALLOWED PIN LAYER.
**ERROR: (IMPPTN-1755):   Pin [out_core2[48]] of partition [dualcore] connected to net [out_core2[48]] is [PLACED] at location (  27.500,    0.000) on layer 3 has MIN-PIN-SPACING VIOLATION with pin out_core2[49].
**ERROR: (IMPPTN-1755):   Pin [out_core2[48]] of partition [dualcore] connected to net [out_core2[48]] is [PLACED] at location (  27.500,    0.000) on layer 3 is NOT ON ALLOWED PIN LAYER.
**ERROR: (IMPPTN-1755):   Pin [out_core2[47]] of partition [dualcore] connected to net [out_core2[47]] is [PLACED] at location (  27.300,    0.000) on layer 3 has MIN-PIN-SPACING VIOLATION with pin out_core2[48].
**ERROR: (IMPPTN-1755):   Pin [out_core2[47]] of partition [dualcore] connected to net [out_core2[47]] is [PLACED] at location (  27.300,    0.000) on layer 3 is NOT ON ALLOWED PIN LAYER.
**ERROR: (IMPPTN-1755):   Pin [out_core2[46]] of partition [dualcore] connected to net [out_core2[46]] is [PLACED] at location (  27.100,    0.000) on layer 3 has MIN-PIN-SPACING VIOLATION with pin out_core2[47].
**ERROR: (IMPPTN-1755):   Pin [out_core2[46]] of partition [dualcore] connected to net [out_core2[46]] is [PLACED] at location (  27.100,    0.000) on layer 3 is NOT ON ALLOWED PIN LAYER.
**ERROR: (IMPPTN-1755):   Pin [out_core2[45]] of partition [dualcore] connected to net [out_core2[45]] is [PLACED] at location (  26.900,    0.000) on layer 3 has MIN-PIN-SPACING VIOLATION with pin out_core2[46].
**ERROR: (IMPPTN-1755):   Pin [out_core2[45]] of partition [dualcore] connected to net [out_core2[45]] is [PLACED] at location (  26.900,    0.000) on layer 3 is NOT ON ALLOWED PIN LAYER.
**ERROR: (IMPPTN-1755):   Pin [out_core2[44]] of partition [dualcore] connected to net [out_core2[44]] is [PLACED] at location (  26.700,    0.000) on layer 3 has MIN-PIN-SPACING VIOLATION with pin out_core2[45].
**ERROR: (IMPPTN-1755):   Pin [out_core2[44]] of partition [dualcore] connected to net [out_core2[44]] is [PLACED] at location (  26.700,    0.000) on layer 3 is NOT ON ALLOWED PIN LAYER.
**ERROR: (IMPPTN-1755):   Pin [out_core2[43]] of partition [dualcore] connected to net [out_core2[43]] is [PLACED] at location (  26.500,    0.000) on layer 3 has MIN-PIN-SPACING VIOLATION with pin out_core2[44].
**ERROR: (IMPPTN-1755):   Pin [out_core2[43]] of partition [dualcore] connected to net [out_core2[43]] is [PLACED] at location (  26.500,    0.000) on layer 3 is NOT ON ALLOWED PIN LAYER.
**ERROR: (IMPPTN-1755):   Pin [out_core2[42]] of partition [dualcore] connected to net [out_core2[42]] is [PLACED] at location (  26.300,    0.000) on layer 3 has MIN-PIN-SPACING VIOLATION with pin out_core2[43].
**ERROR: (IMPPTN-1755):   Pin [out_core2[42]] of partition [dualcore] connected to net [out_core2[42]] is [PLACED] at location (  26.300,    0.000) on layer 3 is NOT ON ALLOWED PIN LAYER.
**ERROR: (IMPPTN-1755):   Pin [out_core2[41]] of partition [dualcore] connected to net [out_core2[41]] is [PLACED] at location (  26.100,    0.000) on layer 3 has MIN-PIN-SPACING VIOLATION with pin out_core2[42].
**ERROR: (IMPPTN-1755):   Pin [out_core2[41]] of partition [dualcore] connected to net [out_core2[41]] is [PLACED] at location (  26.100,    0.000) on layer 3 is NOT ON ALLOWED PIN LAYER.
**ERROR: (IMPPTN-1755):   Pin [out_core2[40]] of partition [dualcore] connected to net [out_core2[40]] is [PLACED] at location (  25.900,    0.000) on layer 3 has MIN-PIN-SPACING VIOLATION with pin out_core2[41].
**ERROR: (IMPPTN-1755):   Pin [out_core2[40]] of partition [dualcore] connected to net [out_core2[40]] is [PLACED] at location (  25.900,    0.000) on layer 3 is NOT ON ALLOWED PIN LAYER.
**ERROR: (IMPPTN-1755):   Pin [out_core2[39]] of partition [dualcore] connected to net [out_core2[39]] is [PLACED] at location (  25.700,    0.000) on layer 3 has MIN-PIN-SPACING VIOLATION with pin out_core2[40].
**ERROR: (IMPPTN-1755):   Pin [out_core2[39]] of partition [dualcore] connected to net [out_core2[39]] is [PLACED] at location (  25.700,    0.000) on layer 3 is NOT ON ALLOWED PIN LAYER.
**ERROR: (IMPPTN-1755):   Pin [out_core2[38]] of partition [dualcore] connected to net [out_core2[38]] is [PLACED] at location (  25.500,    0.000) on layer 3 has MIN-PIN-SPACING VIOLATION with pin out_core2[39].
**ERROR: (IMPPTN-1755):   Pin [out_core2[38]] of partition [dualcore] connected to net [out_core2[38]] is [PLACED] at location (  25.500,    0.000) on layer 3 is NOT ON ALLOWED PIN LAYER.
**ERROR: (IMPPTN-1755):   Pin [out_core2[37]] of partition [dualcore] connected to net [out_core2[37]] is [PLACED] at location (  25.300,    0.000) on layer 3 has MIN-PIN-SPACING VIOLATION with pin out_core2[38].
**ERROR: (IMPPTN-1755):   Pin [out_core2[37]] of partition [dualcore] connected to net [out_core2[37]] is [PLACED] at location (  25.300,    0.000) on layer 3 is NOT ON ALLOWED PIN LAYER.
**ERROR: (IMPPTN-1755):   Pin [out_core2[36]] of partition [dualcore] connected to net [out_core2[36]] is [PLACED] at location (  25.100,    0.000) on layer 3 has MIN-PIN-SPACING VIOLATION with pin out_core2[37].
**ERROR: (IMPPTN-1755):   Pin [out_core2[36]] of partition [dualcore] connected to net [out_core2[36]] is [PLACED] at location (  25.100,    0.000) on layer 3 is NOT ON ALLOWED PIN LAYER.
**ERROR: (IMPPTN-1755):   Pin [out_core2[35]] of partition [dualcore] connected to net [out_core2[35]] is [PLACED] at location (  24.900,    0.000) on layer 3 has MIN-PIN-SPACING VIOLATION with pin out_core2[36].
**ERROR: (IMPPTN-1755):   Pin [out_core2[35]] of partition [dualcore] connected to net [out_core2[35]] is [PLACED] at location (  24.900,    0.000) on layer 3 is NOT ON ALLOWED PIN LAYER.
**ERROR: (IMPPTN-1755):   Pin [out_core2[34]] of partition [dualcore] connected to net [out_core2[34]] is [PLACED] at location (  24.700,    0.000) on layer 3 has MIN-PIN-SPACING VIOLATION with pin out_core2[35].
**ERROR: (IMPPTN-1755):   Pin [out_core2[34]] of partition [dualcore] connected to net [out_core2[34]] is [PLACED] at location (  24.700,    0.000) on layer 3 is NOT ON ALLOWED PIN LAYER.
**ERROR: (IMPPTN-1755):   Pin [out_core2[33]] of partition [dualcore] connected to net [out_core2[33]] is [PLACED] at location (  24.500,    0.000) on layer 3 has MIN-PIN-SPACING VIOLATION with pin out_core2[34].
**ERROR: (IMPPTN-1755):   Pin [out_core2[33]] of partition [dualcore] connected to net [out_core2[33]] is [PLACED] at location (  24.500,    0.000) on layer 3 is NOT ON ALLOWED PIN LAYER.
**ERROR: (IMPPTN-1755):   Pin [out_core2[32]] of partition [dualcore] connected to net [out_core2[32]] is [PLACED] at location (  24.300,    0.000) on layer 3 has MIN-PIN-SPACING VIOLATION with pin out_core2[33].
**ERROR: (IMPPTN-1755):   Pin [out_core2[32]] of partition [dualcore] connected to net [out_core2[32]] is [PLACED] at location (  24.300,    0.000) on layer 3 is NOT ON ALLOWED PIN LAYER.
**ERROR: (IMPPTN-1755):   Pin [out_core2[31]] of partition [dualcore] connected to net [out_core2[31]] is [PLACED] at location (  24.100,    0.000) on layer 3 has MIN-PIN-SPACING VIOLATION with pin out_core2[32].
**ERROR: (IMPPTN-1755):   Pin [out_core2[31]] of partition [dualcore] connected to net [out_core2[31]] is [PLACED] at location (  24.100,    0.000) on layer 3 is NOT ON ALLOWED PIN LAYER.
**ERROR: (IMPPTN-1755):   Pin [out_core2[30]] of partition [dualcore] connected to net [out_core2[30]] is [PLACED] at location (  23.900,    0.000) on layer 3 has MIN-PIN-SPACING VIOLATION with pin out_core2[31].
**ERROR: (IMPPTN-1755):   Pin [out_core2[30]] of partition [dualcore] connected to net [out_core2[30]] is [PLACED] at location (  23.900,    0.000) on layer 3 is NOT ON ALLOWED PIN LAYER.
**ERROR: (IMPPTN-1755):   Pin [out_core2[29]] of partition [dualcore] connected to net [out_core2[29]] is [PLACED] at location (  23.700,    0.000) on layer 3 has MIN-PIN-SPACING VIOLATION with pin out_core2[30].
**ERROR: (IMPPTN-1755):   Pin [out_core2[29]] of partition [dualcore] connected to net [out_core2[29]] is [PLACED] at location (  23.700,    0.000) on layer 3 is NOT ON ALLOWED PIN LAYER.
**ERROR: (IMPPTN-1755):   Pin [out_core2[28]] of partition [dualcore] connected to net [out_core2[28]] is [PLACED] at location (  23.500,    0.000) on layer 3 has MIN-PIN-SPACING VIOLATION with pin out_core2[29].
**ERROR: (IMPPTN-1755):   Pin [out_core2[28]] of partition [dualcore] connected to net [out_core2[28]] is [PLACED] at location (  23.500,    0.000) on layer 3 is NOT ON ALLOWED PIN LAYER.
**ERROR: (IMPPTN-1755):   Pin [out_core2[27]] of partition [dualcore] connected to net [out_core2[27]] is [PLACED] at location (  23.300,    0.000) on layer 3 has MIN-PIN-SPACING VIOLATION with pin out_core2[28].
**ERROR: (IMPPTN-1755):   Pin [out_core2[27]] of partition [dualcore] connected to net [out_core2[27]] is [PLACED] at location (  23.300,    0.000) on layer 3 is NOT ON ALLOWED PIN LAYER.
**ERROR: (IMPPTN-1755):   Pin [out_core2[26]] of partition [dualcore] connected to net [out_core2[26]] is [PLACED] at location (  23.100,    0.000) on layer 3 has MIN-PIN-SPACING VIOLATION with pin out_core2[27].
**ERROR: (IMPPTN-1755):   Pin [out_core2[26]] of partition [dualcore] connected to net [out_core2[26]] is [PLACED] at location (  23.100,    0.000) on layer 3 is NOT ON ALLOWED PIN LAYER.
**ERROR: (IMPPTN-1755):   Pin [out_core2[25]] of partition [dualcore] connected to net [out_core2[25]] is [PLACED] at location (  22.900,    0.000) on layer 3 has MIN-PIN-SPACING VIOLATION with pin out_core2[26].
**ERROR: (IMPPTN-1755):   Pin [out_core2[25]] of partition [dualcore] connected to net [out_core2[25]] is [PLACED] at location (  22.900,    0.000) on layer 3 is NOT ON ALLOWED PIN LAYER.
**ERROR: (IMPPTN-1755):   Pin [out_core2[24]] of partition [dualcore] connected to net [out_core2[24]] is [PLACED] at location (  22.700,    0.000) on layer 3 has MIN-PIN-SPACING VIOLATION with pin out_core2[25].
**ERROR: (IMPPTN-1755):   Pin [out_core2[24]] of partition [dualcore] connected to net [out_core2[24]] is [PLACED] at location (  22.700,    0.000) on layer 3 is NOT ON ALLOWED PIN LAYER.
**ERROR: (IMPPTN-1755):   Pin [out_core2[23]] of partition [dualcore] connected to net [out_core2[23]] is [PLACED] at location (  22.500,    0.000) on layer 3 has MIN-PIN-SPACING VIOLATION with pin out_core2[24].
**ERROR: (IMPPTN-1755):   Pin [out_core2[23]] of partition [dualcore] connected to net [out_core2[23]] is [PLACED] at location (  22.500,    0.000) on layer 3 is NOT ON ALLOWED PIN LAYER.
**ERROR: (IMPPTN-1755):   Pin [out_core2[22]] of partition [dualcore] connected to net [out_core2[22]] is [PLACED] at location (  22.300,    0.000) on layer 3 has MIN-PIN-SPACING VIOLATION with pin out_core2[23].
**ERROR: (IMPPTN-1755):   Pin [out_core2[22]] of partition [dualcore] connected to net [out_core2[22]] is [PLACED] at location (  22.300,    0.000) on layer 3 is NOT ON ALLOWED PIN LAYER.
**ERROR: (IMPPTN-1755):   Pin [out_core2[21]] of partition [dualcore] connected to net [out_core2[21]] is [PLACED] at location (  22.100,    0.000) on layer 3 has MIN-PIN-SPACING VIOLATION with pin out_core2[22].
**ERROR: (IMPPTN-1755):   Pin [out_core2[21]] of partition [dualcore] connected to net [out_core2[21]] is [PLACED] at location (  22.100,    0.000) on layer 3 is NOT ON ALLOWED PIN LAYER.
**ERROR: (IMPPTN-1755):   Pin [out_core2[20]] of partition [dualcore] connected to net [out_core2[20]] is [PLACED] at location (  21.900,    0.000) on layer 3 has MIN-PIN-SPACING VIOLATION with pin out_core2[21].
**ERROR: (IMPPTN-1755):   Pin [out_core2[20]] of partition [dualcore] connected to net [out_core2[20]] is [PLACED] at location (  21.900,    0.000) on layer 3 is NOT ON ALLOWED PIN LAYER.
**ERROR: (IMPPTN-1755):   Pin [out_core2[19]] of partition [dualcore] connected to net [out_core2[19]] is [PLACED] at location (  21.700,    0.000) on layer 3 has MIN-PIN-SPACING VIOLATION with pin out_core2[20].
**ERROR: (IMPPTN-1755):   Pin [out_core2[19]] of partition [dualcore] connected to net [out_core2[19]] is [PLACED] at location (  21.700,    0.000) on layer 3 is NOT ON ALLOWED PIN LAYER.
**ERROR: (IMPPTN-1755):   Pin [out_core2[18]] of partition [dualcore] connected to net [out_core2[18]] is [PLACED] at location (  21.500,    0.000) on layer 3 has MIN-PIN-SPACING VIOLATION with pin out_core2[19].
**ERROR: (IMPPTN-1755):   Pin [out_core2[18]] of partition [dualcore] connected to net [out_core2[18]] is [PLACED] at location (  21.500,    0.000) on layer 3 is NOT ON ALLOWED PIN LAYER.
**ERROR: (IMPPTN-1755):   Pin [out_core2[17]] of partition [dualcore] connected to net [out_core2[17]] is [PLACED] at location (  21.300,    0.000) on layer 3 has MIN-PIN-SPACING VIOLATION with pin out_core2[18].
**ERROR: (IMPPTN-1755):   Pin [out_core2[17]] of partition [dualcore] connected to net [out_core2[17]] is [PLACED] at location (  21.300,    0.000) on layer 3 is NOT ON ALLOWED PIN LAYER.
**ERROR: (IMPPTN-1755):   Pin [out_core2[16]] of partition [dualcore] connected to net [out_core2[16]] is [PLACED] at location (  21.100,    0.000) on layer 3 has MIN-PIN-SPACING VIOLATION with pin out_core2[17].
**ERROR: (IMPPTN-1755):   Pin [out_core2[16]] of partition [dualcore] connected to net [out_core2[16]] is [PLACED] at location (  21.100,    0.000) on layer 3 is NOT ON ALLOWED PIN LAYER.
**ERROR: (IMPPTN-1755):   Pin [out_core2[15]] of partition [dualcore] connected to net [out_core2[15]] is [PLACED] at location (  20.900,    0.000) on layer 3 has MIN-PIN-SPACING VIOLATION with pin out_core2[16].
**ERROR: (IMPPTN-1755):   Pin [out_core2[15]] of partition [dualcore] connected to net [out_core2[15]] is [PLACED] at location (  20.900,    0.000) on layer 3 is NOT ON ALLOWED PIN LAYER.
**ERROR: (IMPPTN-1755):   Pin [out_core2[14]] of partition [dualcore] connected to net [out_core2[14]] is [PLACED] at location (  20.700,    0.000) on layer 3 has MIN-PIN-SPACING VIOLATION with pin out_core2[15].
**ERROR: (IMPPTN-1755):   Pin [out_core2[14]] of partition [dualcore] connected to net [out_core2[14]] is [PLACED] at location (  20.700,    0.000) on layer 3 is NOT ON ALLOWED PIN LAYER.
**ERROR: (IMPPTN-1755):   Pin [out_core2[13]] of partition [dualcore] connected to net [out_core2[13]] is [PLACED] at location (  20.500,    0.000) on layer 3 has MIN-PIN-SPACING VIOLATION with pin out_core2[14].
**ERROR: (IMPPTN-1755):   Pin [out_core2[13]] of partition [dualcore] connected to net [out_core2[13]] is [PLACED] at location (  20.500,    0.000) on layer 3 is NOT ON ALLOWED PIN LAYER.
**ERROR: (IMPPTN-1755):   Pin [out_core2[12]] of partition [dualcore] connected to net [out_core2[12]] is [PLACED] at location (  20.300,    0.000) on layer 3 has MIN-PIN-SPACING VIOLATION with pin out_core2[13].
**ERROR: (IMPPTN-1755):   Pin [out_core2[12]] of partition [dualcore] connected to net [out_core2[12]] is [PLACED] at location (  20.300,    0.000) on layer 3 is NOT ON ALLOWED PIN LAYER.
**ERROR: (IMPPTN-1755):   Pin [out_core2[11]] of partition [dualcore] connected to net [out_core2[11]] is [PLACED] at location (  20.100,    0.000) on layer 3 has MIN-PIN-SPACING VIOLATION with pin out_core2[12].
**ERROR: (IMPPTN-1755):   Pin [out_core2[11]] of partition [dualcore] connected to net [out_core2[11]] is [PLACED] at location (  20.100,    0.000) on layer 3 is NOT ON ALLOWED PIN LAYER.
**ERROR: (IMPPTN-1755):   Pin [out_core2[10]] of partition [dualcore] connected to net [out_core2[10]] is [PLACED] at location (  19.900,    0.000) on layer 3 has MIN-PIN-SPACING VIOLATION with pin out_core2[11].
**ERROR: (IMPPTN-1755):   Pin [out_core2[10]] of partition [dualcore] connected to net [out_core2[10]] is [PLACED] at location (  19.900,    0.000) on layer 3 is NOT ON ALLOWED PIN LAYER.
**ERROR: (IMPPTN-1755):   Pin [out_core2[9]] of partition [dualcore] connected to net [out_core2[9]] is [PLACED] at location (  19.700,    0.000) on layer 3 has MIN-PIN-SPACING VIOLATION with pin out_core2[10].
**ERROR: (IMPPTN-1755):   Pin [out_core2[9]] of partition [dualcore] connected to net [out_core2[9]] is [PLACED] at location (  19.700,    0.000) on layer 3 is NOT ON ALLOWED PIN LAYER.
**ERROR: (IMPPTN-1755):   Pin [out_core2[8]] of partition [dualcore] connected to net [out_core2[8]] is [PLACED] at location (  19.500,    0.000) on layer 3 has MIN-PIN-SPACING VIOLATION with pin out_core2[9].
**ERROR: (IMPPTN-1755):   Pin [out_core2[8]] of partition [dualcore] connected to net [out_core2[8]] is [PLACED] at location (  19.500,    0.000) on layer 3 is NOT ON ALLOWED PIN LAYER.
**ERROR: (IMPPTN-1755):   Pin [out_core2[7]] of partition [dualcore] connected to net [out_core2[7]] is [PLACED] at location (  19.300,    0.000) on layer 3 has MIN-PIN-SPACING VIOLATION with pin out_core2[8].
**ERROR: (IMPPTN-1755):   Pin [out_core2[7]] of partition [dualcore] connected to net [out_core2[7]] is [PLACED] at location (  19.300,    0.000) on layer 3 is NOT ON ALLOWED PIN LAYER.
**ERROR: (IMPPTN-1755):   Pin [out_core2[6]] of partition [dualcore] connected to net [out_core2[6]] is [PLACED] at location (  19.100,    0.000) on layer 3 has MIN-PIN-SPACING VIOLATION with pin out_core2[7].
**ERROR: (IMPPTN-1755):   Pin [out_core2[6]] of partition [dualcore] connected to net [out_core2[6]] is [PLACED] at location (  19.100,    0.000) on layer 3 is NOT ON ALLOWED PIN LAYER.
**ERROR: (IMPPTN-1755):   Pin [out_core2[5]] of partition [dualcore] connected to net [out_core2[5]] is [PLACED] at location (  18.900,    0.000) on layer 3 has MIN-PIN-SPACING VIOLATION with pin out_core2[6].
**ERROR: (IMPPTN-1755):   Pin [out_core2[5]] of partition [dualcore] connected to net [out_core2[5]] is [PLACED] at location (  18.900,    0.000) on layer 3 is NOT ON ALLOWED PIN LAYER.
**ERROR: (IMPPTN-1755):   Pin [out_core2[4]] of partition [dualcore] connected to net [out_core2[4]] is [PLACED] at location (  18.700,    0.000) on layer 3 has MIN-PIN-SPACING VIOLATION with pin out_core2[5].
**ERROR: (IMPPTN-1755):   Pin [out_core2[4]] of partition [dualcore] connected to net [out_core2[4]] is [PLACED] at location (  18.700,    0.000) on layer 3 is NOT ON ALLOWED PIN LAYER.
**ERROR: (IMPPTN-1755):   Pin [out_core2[3]] of partition [dualcore] connected to net [out_core2[3]] is [PLACED] at location (  18.500,    0.000) on layer 3 has MIN-PIN-SPACING VIOLATION with pin out_core2[4].
**ERROR: (IMPPTN-1755):   Pin [out_core2[3]] of partition [dualcore] connected to net [out_core2[3]] is [PLACED] at location (  18.500,    0.000) on layer 3 is NOT ON ALLOWED PIN LAYER.
**ERROR: (IMPPTN-1755):   Pin [out_core2[2]] of partition [dualcore] connected to net [out_core2[2]] is [PLACED] at location (  18.300,    0.000) on layer 3 has MIN-PIN-SPACING VIOLATION with pin out_core2[3].
**ERROR: (IMPPTN-1755):   Pin [out_core2[2]] of partition [dualcore] connected to net [out_core2[2]] is [PLACED] at location (  18.300,    0.000) on layer 3 is NOT ON ALLOWED PIN LAYER.
**ERROR: (IMPPTN-1755):   Pin [out_core2[1]] of partition [dualcore] connected to net [out_core2[1]] is [PLACED] at location (  18.100,    0.000) on layer 3 has MIN-PIN-SPACING VIOLATION with pin out_core2[2].
**ERROR: (IMPPTN-1755):   Pin [out_core2[1]] of partition [dualcore] connected to net [out_core2[1]] is [PLACED] at location (  18.100,    0.000) on layer 3 is NOT ON ALLOWED PIN LAYER.
**ERROR: (IMPPTN-1755):   Pin [out_core2[0]] of partition [dualcore] connected to net [out_core2[0]] is [PLACED] at location (  17.900,    0.000) on layer 3 has MIN-PIN-SPACING VIOLATION with pin out_core1[87].
**ERROR: (IMPPTN-1755):   Pin [out_core2[0]] of partition [dualcore] connected to net [out_core2[0]] is [PLACED] at location (  17.900,    0.000) on layer 3 is NOT ON ALLOWED PIN LAYER.
**ERROR: (IMPPTN-1755):   Pin [psum_norm_1[10]] of partition [dualcore] connected to net [psum_norm_1[10]] is [PLACED] at location (  37.500,    0.000) on layer 3 has MIN-PIN-SPACING VIOLATION with pin psum_norm_1[9].
**ERROR: (IMPPTN-1755):   Pin [psum_norm_1[10]] of partition [dualcore] connected to net [psum_norm_1[10]] is [PLACED] at location (  37.500,    0.000) on layer 3 is NOT ON ALLOWED PIN LAYER.
**ERROR: (IMPPTN-1755):   Pin [psum_norm_1[9]] of partition [dualcore] connected to net [psum_norm_1[9]] is [PLACED] at location (  37.300,    0.000) on layer 3 has MIN-PIN-SPACING VIOLATION with pin psum_norm_1[10].
**ERROR: (IMPPTN-1755):   Pin [psum_norm_1[9]] of partition [dualcore] connected to net [psum_norm_1[9]] is [PLACED] at location (  37.300,    0.000) on layer 3 is NOT ON ALLOWED PIN LAYER.
**ERROR: (IMPPTN-1755):   Pin [psum_norm_1[8]] of partition [dualcore] connected to net [psum_norm_1[8]] is [PLACED] at location (  37.100,    0.000) on layer 3 has MIN-PIN-SPACING VIOLATION with pin psum_norm_1[9].
**ERROR: (IMPPTN-1755):   Pin [psum_norm_1[8]] of partition [dualcore] connected to net [psum_norm_1[8]] is [PLACED] at location (  37.100,    0.000) on layer 3 is NOT ON ALLOWED PIN LAYER.
**ERROR: (IMPPTN-1755):   Pin [psum_norm_1[7]] of partition [dualcore] connected to net [psum_norm_1[7]] is [PLACED] at location (  36.900,    0.000) on layer 3 has MIN-PIN-SPACING VIOLATION with pin psum_norm_1[8].
**ERROR: (IMPPTN-1755):   Pin [psum_norm_1[7]] of partition [dualcore] connected to net [psum_norm_1[7]] is [PLACED] at location (  36.900,    0.000) on layer 3 is NOT ON ALLOWED PIN LAYER.
**ERROR: (IMPPTN-1755):   Pin [psum_norm_1[6]] of partition [dualcore] connected to net [psum_norm_1[6]] is [PLACED] at location (  36.700,    0.000) on layer 3 has MIN-PIN-SPACING VIOLATION with pin psum_norm_1[7].
**ERROR: (IMPPTN-1755):   Pin [psum_norm_1[6]] of partition [dualcore] connected to net [psum_norm_1[6]] is [PLACED] at location (  36.700,    0.000) on layer 3 is NOT ON ALLOWED PIN LAYER.
**ERROR: (IMPPTN-1755):   Pin [psum_norm_1[5]] of partition [dualcore] connected to net [psum_norm_1[5]] is [PLACED] at location (  36.500,    0.000) on layer 3 has MIN-PIN-SPACING VIOLATION with pin psum_norm_1[6].
**ERROR: (IMPPTN-1755):   Pin [psum_norm_1[5]] of partition [dualcore] connected to net [psum_norm_1[5]] is [PLACED] at location (  36.500,    0.000) on layer 3 is NOT ON ALLOWED PIN LAYER.
**ERROR: (IMPPTN-1755):   Pin [psum_norm_1[4]] of partition [dualcore] connected to net [psum_norm_1[4]] is [PLACED] at location (  36.300,    0.000) on layer 3 has MIN-PIN-SPACING VIOLATION with pin psum_norm_1[5].
**ERROR: (IMPPTN-1755):   Pin [psum_norm_1[4]] of partition [dualcore] connected to net [psum_norm_1[4]] is [PLACED] at location (  36.300,    0.000) on layer 3 is NOT ON ALLOWED PIN LAYER.
**ERROR: (IMPPTN-1755):   Pin [psum_norm_1[3]] of partition [dualcore] connected to net [psum_norm_1[3]] is [PLACED] at location (  36.100,    0.000) on layer 3 has MIN-PIN-SPACING VIOLATION with pin psum_norm_1[4].
**ERROR: (IMPPTN-1755):   Pin [psum_norm_1[3]] of partition [dualcore] connected to net [psum_norm_1[3]] is [PLACED] at location (  36.100,    0.000) on layer 3 is NOT ON ALLOWED PIN LAYER.
**ERROR: (IMPPTN-1755):   Pin [psum_norm_1[2]] of partition [dualcore] connected to net [psum_norm_1[2]] is [PLACED] at location (  35.900,    0.000) on layer 3 has MIN-PIN-SPACING VIOLATION with pin psum_norm_1[3].
**ERROR: (IMPPTN-1755):   Pin [psum_norm_1[2]] of partition [dualcore] connected to net [psum_norm_1[2]] is [PLACED] at location (  35.900,    0.000) on layer 3 is NOT ON ALLOWED PIN LAYER.
**ERROR: (IMPPTN-1755):   Pin [psum_norm_1[1]] of partition [dualcore] connected to net [psum_norm_1[1]] is [PLACED] at location (  35.700,    0.000) on layer 3 has MIN-PIN-SPACING VIOLATION with pin psum_norm_1[2].
**ERROR: (IMPPTN-1755):   Pin [psum_norm_1[1]] of partition [dualcore] connected to net [psum_norm_1[1]] is [PLACED] at location (  35.700,    0.000) on layer 3 is NOT ON ALLOWED PIN LAYER.
**ERROR: (IMPPTN-1755):   Pin [psum_norm_1[0]] of partition [dualcore] connected to net [psum_norm_1[0]] is [PLACED] at location (  35.500,    0.000) on layer 3 has MIN-PIN-SPACING VIOLATION with pin out_core2[87].
**ERROR: (IMPPTN-1755):   Pin [psum_norm_1[0]] of partition [dualcore] connected to net [psum_norm_1[0]] is [PLACED] at location (  35.500,    0.000) on layer 3 is NOT ON ALLOWED PIN LAYER.
**ERROR: (IMPPTN-1755):   Pin [psum_norm_2[10]] of partition [dualcore] connected to net [psum_norm_2[10]] is [PLACED] at location (  39.700,    0.000) on layer 3 has MIN-PIN-SPACING VIOLATION with pin psum_norm_2[9].
**ERROR: (IMPPTN-1755):   Pin [psum_norm_2[10]] of partition [dualcore] connected to net [psum_norm_2[10]] is [PLACED] at location (  39.700,    0.000) on layer 3 is NOT ON ALLOWED PIN LAYER.
**ERROR: (IMPPTN-1755):   Pin [psum_norm_2[9]] of partition [dualcore] connected to net [psum_norm_2[9]] is [PLACED] at location (  39.500,    0.000) on layer 3 has MIN-PIN-SPACING VIOLATION with pin psum_norm_2[10].
**ERROR: (IMPPTN-1755):   Pin [psum_norm_2[9]] of partition [dualcore] connected to net [psum_norm_2[9]] is [PLACED] at location (  39.500,    0.000) on layer 3 is NOT ON ALLOWED PIN LAYER.
**ERROR: (IMPPTN-1755):   Pin [psum_norm_2[8]] of partition [dualcore] connected to net [psum_norm_2[8]] is [PLACED] at location (  39.300,    0.000) on layer 3 has MIN-PIN-SPACING VIOLATION with pin psum_norm_2[9].
**ERROR: (IMPPTN-1755):   Pin [psum_norm_2[8]] of partition [dualcore] connected to net [psum_norm_2[8]] is [PLACED] at location (  39.300,    0.000) on layer 3 is NOT ON ALLOWED PIN LAYER.
**ERROR: (IMPPTN-1755):   Pin [psum_norm_2[7]] of partition [dualcore] connected to net [psum_norm_2[7]] is [PLACED] at location (  39.100,    0.000) on layer 3 has MIN-PIN-SPACING VIOLATION with pin psum_norm_2[8].
**ERROR: (IMPPTN-1755):   Pin [psum_norm_2[7]] of partition [dualcore] connected to net [psum_norm_2[7]] is [PLACED] at location (  39.100,    0.000) on layer 3 is NOT ON ALLOWED PIN LAYER.
**ERROR: (IMPPTN-1755):   Pin [psum_norm_2[6]] of partition [dualcore] connected to net [psum_norm_2[6]] is [PLACED] at location (  38.900,    0.000) on layer 3 has MIN-PIN-SPACING VIOLATION with pin psum_norm_2[7].
**ERROR: (IMPPTN-1755):   Pin [psum_norm_2[6]] of partition [dualcore] connected to net [psum_norm_2[6]] is [PLACED] at location (  38.900,    0.000) on layer 3 is NOT ON ALLOWED PIN LAYER.
**ERROR: (IMPPTN-1755):   Pin [psum_norm_2[5]] of partition [dualcore] connected to net [psum_norm_2[5]] is [PLACED] at location (  38.700,    0.000) on layer 3 has MIN-PIN-SPACING VIOLATION with pin psum_norm_2[6].
**ERROR: (IMPPTN-1755):   Pin [psum_norm_2[5]] of partition [dualcore] connected to net [psum_norm_2[5]] is [PLACED] at location (  38.700,    0.000) on layer 3 is NOT ON ALLOWED PIN LAYER.
**ERROR: (IMPPTN-1755):   Pin [psum_norm_2[4]] of partition [dualcore] connected to net [psum_norm_2[4]] is [PLACED] at location (  38.500,    0.000) on layer 3 has MIN-PIN-SPACING VIOLATION with pin psum_norm_2[5].
**ERROR: (IMPPTN-1755):   Pin [psum_norm_2[4]] of partition [dualcore] connected to net [psum_norm_2[4]] is [PLACED] at location (  38.500,    0.000) on layer 3 is NOT ON ALLOWED PIN LAYER.
**ERROR: (IMPPTN-1755):   Pin [psum_norm_2[3]] of partition [dualcore] connected to net [psum_norm_2[3]] is [PLACED] at location (  38.300,    0.000) on layer 3 has MIN-PIN-SPACING VIOLATION with pin psum_norm_2[4].
**ERROR: (IMPPTN-1755):   Pin [psum_norm_2[3]] of partition [dualcore] connected to net [psum_norm_2[3]] is [PLACED] at location (  38.300,    0.000) on layer 3 is NOT ON ALLOWED PIN LAYER.
**ERROR: (IMPPTN-1755):   Pin [psum_norm_2[2]] of partition [dualcore] connected to net [psum_norm_2[2]] is [PLACED] at location (  38.100,    0.000) on layer 3 has MIN-PIN-SPACING VIOLATION with pin psum_norm_2[3].
**ERROR: (IMPPTN-1755):   Pin [psum_norm_2[2]] of partition [dualcore] connected to net [psum_norm_2[2]] is [PLACED] at location (  38.100,    0.000) on layer 3 is NOT ON ALLOWED PIN LAYER.
**ERROR: (IMPPTN-1755):   Pin [psum_norm_2[1]] of partition [dualcore] connected to net [psum_norm_2[1]] is [PLACED] at location (  37.900,    0.000) on layer 3 has MIN-PIN-SPACING VIOLATION with pin psum_norm_2[2].
**ERROR: (IMPPTN-1755):   Pin [psum_norm_2[1]] of partition [dualcore] connected to net [psum_norm_2[1]] is [PLACED] at location (  37.900,    0.000) on layer 3 is NOT ON ALLOWED PIN LAYER.
**ERROR: (IMPPTN-1755):   Pin [psum_norm_2[0]] of partition [dualcore] connected to net [psum_norm_2[0]] is [PLACED] at location (  37.700,    0.000) on layer 3 has MIN-PIN-SPACING VIOLATION with pin psum_norm_1[10].
**ERROR: (IMPPTN-1755):   Pin [psum_norm_2[0]] of partition [dualcore] connected to net [psum_norm_2[0]] is [PLACED] at location (  37.700,    0.000) on layer 3 is NOT ON ALLOWED PIN LAYER.
**ERROR: (IMPPTN-1755):   Pin [norm_valid] of partition [dualcore] connected to net [norm_valid] is [PLACED] at location (   0.100,    0.000) on layer 3 is NOT ON ALLOWED PIN LAYER.
**ERROR: (IMPPTN-1755):   Pin [norm_valid] of partition [dualcore] connected to net [norm_valid] is [PLACED] at location (   0.100,    0.000) on layer 3 is OVERLAPPED WITH CORNER-MASK of partition dualcore.
Summary report for top level: [dualcore] 
	Total Pins                         : 304
	Illegally Assigned Pins            : 199
	Unplaced Pins                      : 105
End of Summary report
End Checking pins of top cell: [dualcore] 


===========================================================================================================================
                                                checkPinAssignment Summary
===========================================================================================================================
Partition   | pads  | pins   | legal  | illegal | internal | internal illegal | FT     | FT illegal | constant | unplaced |
===========================================================================================================================
dualcore    |     0 |    304 |      0 |     199 |        0 |                0 |      0 |          0 |        0 |      105 |
===========================================================================================================================
TOTAL       |     0 |    304 |      0 |     199 |        0 |                0 |      0 |          0 |        0 |      105 |
===========================================================================================================================
