###############################################################
#  Generated by:      Cadence Innovus 19.17-s077_1
#  OS:                Linux x86_64(Host ID ieng6-ece-03.ucsd.edu)
#  Generated on:      Thu Mar 23 08:44:23 2023
#  Design:            dualcore
#  Command:           verifyGeometry
###############################################################

SHORT: Regular Via of Net normalizer_inst/n9784 & Blockage of Cell normalizer_inst/U1959  ( M1 )
Bounds : ( 451.810, 287.750 ) ( 451.990, 287.850 )


SHORT: Regular Via of Net normalizer_inst/n8067 & Blockage of Cell normalizer_inst/U9075  ( M1 )
Bounds : ( 540.010, 298.550 ) ( 540.190, 298.650 )


SHORT: Regular Via of Net normalizer_inst/n6913 & Blockage of Cell normalizer_inst/U1316  ( M1 )
Bounds : ( 344.850, 293.670 ) ( 344.950, 294.090 )


SHORT: Regular Via of Net normalizer_inst/n6755 & Blockage of Cell normalizer_inst/U7767  ( M1 )
Bounds : ( 524.010, 284.795 ) ( 524.190, 284.895 )


SHORT: Regular Via of Net normalizer_inst/n1346 & Blockage of Cell normalizer_inst/U1234  ( M1 )
Bounds : ( 470.250, 308.110 ) ( 470.350, 308.290 )


SHORT: Regular Via of Net normalizer_inst/n8927 & Blockage of Cell normalizer_inst/U11414  ( M1 )
Bounds : ( 544.850, 270.310 ) ( 544.950, 270.490 )


SHORT: Regular Via of Net normalizer_inst/n8816 & Blockage of Cell normalizer_inst/FE_RC_305_0  ( M1 )
Bounds : ( 398.810, 223.600 ) ( 398.990, 223.700 )


SHORT: Regular Via of Net normalizer_inst/n8595 & Blockage of Cell normalizer_inst/U2150  ( M1 )
Bounds : ( 420.650, 203.110 ) ( 420.750, 203.290 )


SHORT: Regular Via of Net normalizer_inst/n7999 & Blockage of Cell normalizer_inst/U9357  ( M1 )
Bounds : ( 492.650, 269.870 ) ( 492.750, 270.290 )


SHORT: Regular Via of Net normalizer_inst/n5028 & Blockage of Cell normalizer_inst/U1729  ( M1 )
Bounds : ( 475.850, 216.310 ) ( 475.950, 216.490 )


SHORT: Regular Via of Net normalizer_inst/n4554 & Blockage of Cell normalizer_inst/U2873  ( M1 )
Bounds : ( 344.410, 281.195 ) ( 344.590, 281.295 )


SHORT: Regular Via of Net normalizer_inst/n4253 & Blockage of Cell normalizer_inst/U9546  ( M1 )
Bounds : ( 487.450, 205.270 ) ( 487.550, 205.690 )


SHORT: Regular Via of Net normalizer_inst/n4081 & Blockage of Cell normalizer_inst/U1243  ( M1 )
Bounds : ( 384.850, 270.110 ) ( 384.950, 270.290 )


SHORT: Regular Via of Net normalizer_inst/n1940 & Blockage of Cell normalizer_inst/U9188  ( M1 )
Bounds : ( 428.450, 270.070 ) ( 428.550, 270.490 )


SHORT: Regular Via of Net normalizer_inst/n1105 & Blockage of Cell normalizer_inst/U8230  ( M1 )
Bounds : ( 527.250, 216.070 ) ( 527.350, 216.490 )


SHORT: Regular Via of Net normalizer_inst/n79 & Blockage of Cell normalizer_inst/U2357  ( M1 )
Bounds : ( 452.780, 228.225 ) ( 453.020, 228.325 )


SHORT: Regular Via of Net normalizer_inst/FE_RN_631_0 & Blockage of Cell normalizer_inst/FE_RC_1489_0  ( M1 )
Bounds : ( 452.210, 200.020 ) ( 452.390, 200.120 )



Begin Summary ...
  Cells       : 0
  SameNet     : 0
  Wiring      : 0
  Antenna     : 0
  Short       : 17
  Overlap     : 0
End Summary

  Total Violations : 17 Viols.
